To honour the JVM settings for this build a single-use Daemon process will be forked. For more on this, please refer to https://docs.gradle.org/9.0.0/userguide/gradle_daemon.html#sec:disabling_the_daemon in the Gradle documentation.
Daemon will be stopped at the end of the build 
> Task :gradle-plugin:settings-plugin:checkKotlinGradlePluginConfigurationErrors SKIPPED
> Task :gradle-plugin:shared:checkKotlinGradlePluginConfigurationErrors SKIPPED
> Task :gradle-plugin:shared:compileKotlin UP-TO-DATE
> Task :gradle-plugin:shared:compileJava NO-SOURCE
> Task :gradle-plugin:shared:processResources NO-SOURCE
> Task :gradle-plugin:shared:classes UP-TO-DATE
> Task :gradle-plugin:shared:jar UP-TO-DATE
> Task :gradle-plugin:settings-plugin:compileKotlin UP-TO-DATE
> Task :gradle-plugin:settings-plugin:compileJava NO-SOURCE
> Task :gradle-plugin:settings-plugin:pluginDescriptors UP-TO-DATE
> Task :gradle-plugin:settings-plugin:processResources UP-TO-DATE
> Task :gradle-plugin:settings-plugin:classes UP-TO-DATE
> Task :gradle-plugin:settings-plugin:jar UP-TO-DATE
> Task :gradle-plugin:react-native-gradle-plugin:checkKotlinGradlePluginConfigurationErrors SKIPPED
> Task :gradle-plugin:react-native-gradle-plugin:compileKotlin UP-TO-DATE
> Task :gradle-plugin:react-native-gradle-plugin:compileJava NO-SOURCE
> Task :gradle-plugin:react-native-gradle-plugin:pluginDescriptors UP-TO-DATE
> Task :gradle-plugin:react-native-gradle-plugin:processResources UP-TO-DATE
> Task :gradle-plugin:react-native-gradle-plugin:classes UP-TO-DATE
> Task :gradle-plugin:react-native-gradle-plugin:jar UP-TO-DATE

> Configure project :react-native-video
Kotlin version is correct: 2.1.20
AndroidX version is correct: 1.9.3
useExoplayerIMA: false
useExoplayerSmoothStreaming: true
useExoplayerDash: true
useExoplayerHls: true
useExoplayerRtsp: false
buildFromSource: false

> Task :app:generateAutolinkingNewArchitectureFiles UP-TO-DATE
> Task :app:generateAutolinkingPackageList UP-TO-DATE
> Task :app:generateCodegenSchemaFromJavaScript SKIPPED
> Task :app:generateCodegenArtifactsFromSchema SKIPPED
> Task :app:generateReactNativeEntryPoint UP-TO-DATE
> Task :lottie-react-native:generateCodegenSchemaFromJavaScript UP-TO-DATE
> Task :lottie-react-native:generateCodegenArtifactsFromSchema UP-TO-DATE
> Task :lottie-react-native:preBuild UP-TO-DATE
> Task :react-native-community_slider:generateCodegenSchemaFromJavaScript UP-TO-DATE
> Task :react-native-community_slider:generateCodegenArtifactsFromSchema UP-TO-DATE
> Task :react-native-community_slider:preBuild UP-TO-DATE
> Task :react-native-gesture-handler:generateCodegenSchemaFromJavaScript UP-TO-DATE
> Task :react-native-gesture-handler:generateCodegenArtifactsFromSchema UP-TO-DATE
> Task :react-native-gesture-handler:preBuild UP-TO-DATE
> Task :react-native-orientation-locker:preBuild UP-TO-DATE
> Task :react-native-reanimated:assertMinimalReactNativeVersionTask
> Task :react-native-reanimated:assertNewArchitectureEnabledTask SKIPPED
> Task :react-native-reanimated:assertWorkletsVersionTask
> Task :react-native-reanimated:generateCodegenSchemaFromJavaScript UP-TO-DATE
> Task :react-native-reanimated:generateCodegenArtifactsFromSchema UP-TO-DATE
> Task :react-native-reanimated:prepareReanimatedHeadersForPrefabs UP-TO-DATE
> Task :react-native-reanimated:preBuild
> Task :react-native-safe-area-context:generateCodegenSchemaFromJavaScript UP-TO-DATE
> Task :react-native-safe-area-context:generateCodegenArtifactsFromSchema UP-TO-DATE
> Task :react-native-safe-area-context:preBuild UP-TO-DATE
> Task :react-native-svg:generateCodegenSchemaFromJavaScript UP-TO-DATE
> Task :react-native-svg:generateCodegenArtifactsFromSchema UP-TO-DATE
> Task :react-native-svg:preBuild UP-TO-DATE
> Task :react-native-video:preBuild UP-TO-DATE
> Task :react-native-worklets:assertMinimalReactNativeVersionTask
> Task :react-native-worklets:assertNewArchitectureEnabledTask SKIPPED
> Task :react-native-worklets:generateCodegenSchemaFromJavaScript UP-TO-DATE
> Task :react-native-worklets:generateCodegenArtifactsFromSchema UP-TO-DATE
> Task :react-native-worklets:prepareWorkletsHeadersForPrefabs UP-TO-DATE
> Task :react-native-worklets:preBuild
> Task :app:preBuild
> Task :app:preReleaseBuild
> Task :react-native-reanimated:preReleaseBuild
> Task :react-native-worklets:preReleaseBuild
> Task :react-native-worklets:configureCMakeRelWithDebInfo[arm64-v8a]
> Task :react-native-worklets:configureCMakeRelWithDebInfo[armeabi-v7a]
> Task :react-native-worklets:configureCMakeRelWithDebInfo[x86]
> Task :react-native-worklets:configureCMakeRelWithDebInfo[x86_64]
> Task :react-native-worklets:generateJsonModelRelease
> Task :react-native-worklets:prefabReleaseConfigurePackage UP-TO-DATE
> Task :react-native-reanimated:configureCMakeRelWithDebInfo[arm64-v8a]
> Task :react-native-reanimated:configureCMakeRelWithDebInfo[armeabi-v7a]
> Task :react-native-reanimated:configureCMakeRelWithDebInfo[x86]
> Task :react-native-reanimated:configureCMakeRelWithDebInfo[x86_64]
> Task :react-native-reanimated:generateJsonModelRelease
> Task :react-native-reanimated:prefabReleaseConfigurePackage UP-TO-DATE
> Task :app:configureCMakeRelWithDebInfo[arm64-v8a]
> Task :react-native-worklets:buildCMakeRelWithDebInfo[arm64-v8a][worklets]
> Task :react-native-worklets:buildCMakeRelWithDebInfo[armeabi-v7a][worklets]
> Task :react-native-worklets:buildCMakeRelWithDebInfo[x86][worklets]
> Task :react-native-worklets:buildCMakeRelWithDebInfo[x86_64][worklets]
> Task :react-native-worklets:externalNativeBuildRelease
> Task :react-native-worklets:prefabReleasePackage UP-TO-DATE
> Task :react-native-reanimated:buildCMakeRelWithDebInfo[arm64-v8a][reanimated]
> Task :react-native-reanimated:buildCMakeRelWithDebInfo[armeabi-v7a][reanimated]
> Task :react-native-reanimated:buildCMakeRelWithDebInfo[x86][reanimated]
> Task :react-native-reanimated:buildCMakeRelWithDebInfo[x86_64][reanimated]
> Task :react-native-worklets:mergeReleaseJniLibFolders UP-TO-DATE
> Task :react-native-worklets:mergeReleaseNativeLibs UP-TO-DATE
> Task :react-native-worklets:copyReleaseJniLibsProjectOnly UP-TO-DATE
> Task :react-native-reanimated:externalNativeBuildRelease
> Task :react-native-reanimated:prefabReleasePackage UP-TO-DATE
> Task :app:buildCMakeRelWithDebInfo[arm64-v8a]
> Task :app:configureCMakeRelWithDebInfo[armeabi-v7a]
> Task :app:buildCMakeRelWithDebInfo[armeabi-v7a]
> Task :app:configureCMakeRelWithDebInfo[x86]
> Task :app:buildCMakeRelWithDebInfo[x86]
> Task :app:configureCMakeRelWithDebInfo[x86_64]
> Task :app:buildCMakeRelWithDebInfo[x86_64]
> Task :app:mergeReleaseJniLibFolders UP-TO-DATE
> Task :lottie-react-native:preReleaseBuild UP-TO-DATE
> Task :lottie-react-native:mergeReleaseJniLibFolders UP-TO-DATE
> Task :lottie-react-native:mergeReleaseNativeLibs NO-SOURCE
> Task :lottie-react-native:copyReleaseJniLibsProjectOnly UP-TO-DATE
> Task :react-native-community_slider:preReleaseBuild UP-TO-DATE
> Task :react-native-community_slider:mergeReleaseJniLibFolders UP-TO-DATE
> Task :react-native-community_slider:mergeReleaseNativeLibs NO-SOURCE
> Task :react-native-community_slider:copyReleaseJniLibsProjectOnly UP-TO-DATE
> Task :react-native-gesture-handler:preReleaseBuild UP-TO-DATE
> Task :react-native-gesture-handler:configureCMakeRelWithDebInfo[arm64-v8a]
> Task :react-native-gesture-handler:buildCMakeRelWithDebInfo[arm64-v8a]
> Task :react-native-gesture-handler:configureCMakeRelWithDebInfo[armeabi-v7a]
> Task :react-native-gesture-handler:buildCMakeRelWithDebInfo[armeabi-v7a]
> Task :react-native-gesture-handler:configureCMakeRelWithDebInfo[x86]
> Task :react-native-gesture-handler:buildCMakeRelWithDebInfo[x86]
> Task :react-native-gesture-handler:configureCMakeRelWithDebInfo[x86_64]
> Task :react-native-gesture-handler:buildCMakeRelWithDebInfo[x86_64]
> Task :react-native-gesture-handler:mergeReleaseJniLibFolders
> Task :react-native-gesture-handler:mergeReleaseNativeLibs
> Task :react-native-gesture-handler:copyReleaseJniLibsProjectOnly
> Task :react-native-orientation-locker:preReleaseBuild UP-TO-DATE
> Task :react-native-orientation-locker:mergeReleaseJniLibFolders
> Task :react-native-orientation-locker:mergeReleaseNativeLibs NO-SOURCE
> Task :react-native-orientation-locker:copyReleaseJniLibsProjectOnly
> Task :react-native-reanimated:mergeReleaseJniLibFolders
> Task :react-native-reanimated:mergeReleaseNativeLibs
> Task :react-native-reanimated:copyReleaseJniLibsProjectOnly
> Task :react-native-safe-area-context:preReleaseBuild UP-TO-DATE
> Task :react-native-safe-area-context:mergeReleaseJniLibFolders
> Task :react-native-safe-area-context:mergeReleaseNativeLibs NO-SOURCE
> Task :react-native-safe-area-context:copyReleaseJniLibsProjectOnly
> Task :react-native-svg:preReleaseBuild UP-TO-DATE
> Task :react-native-svg:mergeReleaseJniLibFolders
> Task :react-native-svg:mergeReleaseNativeLibs NO-SOURCE
> Task :react-native-svg:copyReleaseJniLibsProjectOnly
> Task :react-native-video:preReleaseBuild UP-TO-DATE
> Task :react-native-video:mergeReleaseJniLibFolders
> Task :react-native-video:mergeReleaseNativeLibs NO-SOURCE
> Task :react-native-video:copyReleaseJniLibsProjectOnly
> Task :app:mergeReleaseNativeLibs
> Task :app:stripReleaseDebugSymbols
> Task :app:extractReleaseNativeSymbolTables
> Task :app:mergeReleaseNativeDebugMetadata
> Task :lottie-react-native:checkKotlinGradlePluginConfigurationErrors SKIPPED
> Task :lottie-react-native:generateReleaseBuildConfig
> Task :lottie-react-native:generateReleaseResValues
> Task :lottie-react-native:generateReleaseResources
> Task :lottie-react-native:packageReleaseResources
> Task :lottie-react-native:parseReleaseLocalResources
> Task :lottie-react-native:generateReleaseRFile

> Task :lottie-react-native:compileReleaseKotlin
w: file:///F:/Sandy/S+Study/CODING/mov/netflix/node_modules/lottie-react-native/android/src/main/java/com/airbnb/android/react/lottie/LottieAnimationViewManagerImpl.kt:12:8 'object MapBuilder : Any' is deprecated. Use Kotlin's built-in collections extensions.
w: file:///F:/Sandy/S+Study/CODING/mov/netflix/node_modules/lottie-react-native/android/src/main/java/com/airbnb/android/react/lottie/LottieAnimationViewManagerImpl.kt:21:17 'object MapBuilder : Any' is deprecated. Use Kotlin's built-in collections extensions.
w: file:///F:/Sandy/S+Study/CODING/mov/netflix/node_modules/lottie-react-native/android/src/main/java/com/airbnb/android/react/lottie/LottieAnimationViewManagerImpl.kt:72:16 'object MapBuilder : Any' is deprecated. Use Kotlin's built-in collections extensions.
w: file:///F:/Sandy/S+Study/CODING/mov/netflix/node_modules/lottie-react-native/android/src/main/java/com/airbnb/android/react/lottie/LottieAnimationViewManagerImpl.kt:74:13 'object MapBuilder : Any' is deprecated. Use Kotlin's built-in collections extensions.
w: file:///F:/Sandy/S+Study/CODING/mov/netflix/node_modules/lottie-react-native/android/src/main/java/com/airbnb/android/react/lottie/LottieAnimationViewManagerImpl.kt:76:13 'object MapBuilder : Any' is deprecated. Use Kotlin's built-in collections extensions.
w: file:///F:/Sandy/S+Study/CODING/mov/netflix/node_modules/lottie-react-native/android/src/main/java/com/airbnb/android/react/lottie/LottieAnimationViewManagerImpl.kt:78:13 'object MapBuilder : Any' is deprecated. Use Kotlin's built-in collections extensions.
w: file:///F:/Sandy/S+Study/CODING/mov/netflix/node_modules/lottie-react-native/android/src/main/java/com/airbnb/android/react/lottie/LottieAnimationViewManagerImpl.kt:108:28 'static fun isAttachedToWindow(p0: View): Boolean' is deprecated. Deprecated in Java.
w: file:///F:/Sandy/S+Study/CODING/mov/netflix/node_modules/lottie-react-native/android/src/main/java/com/airbnb/android/react/lottie/LottieAnimationViewManagerImpl.kt:138:28 'static fun isAttachedToWindow(p0: View): Boolean' is deprecated. Deprecated in Java.
w: file:///F:/Sandy/S+Study/CODING/mov/netflix/node_modules/lottie-react-native/android/src/main/java/com/airbnb/android/react/lottie/LottieAnimationViewManagerImpl.kt:148:28 'static fun isAttachedToWindow(p0: View): Boolean' is deprecated. Deprecated in Java.
w: file:///F:/Sandy/S+Study/CODING/mov/netflix/node_modules/lottie-react-native/android/src/main/java/com/airbnb/android/react/lottie/LottieAnimationViewManagerImpl.kt:157:28 'static fun isAttachedToWindow(p0: View): Boolean' is deprecated. Deprecated in Java.
w: file:///F:/Sandy/S+Study/CODING/mov/netflix/node_modules/lottie-react-native/android/src/main/java/com/airbnb/android/react/lottie/LottieAnimationViewPropertyManager.kt:22:8 'class ReactFontManager : Any' is deprecated. This class is deprecated and will be deleted in the near future. Please use [com.facebook.react.common.assets.ReactFontManager] instead.
w: file:///F:/Sandy/S+Study/CODING/mov/netflix/node_modules/lottie-react-native/android/src/main/java/com/airbnb/android/react/lottie/LottieAnimationViewPropertyManager.kt:76:24 'class ReactFontManager : Any' is deprecated. This class is deprecated and will be deleted in the near future. Please use [com.facebook.react.common.assets.ReactFontManager] instead.
w: file:///F:/Sandy/S+Study/CODING/mov/netflix/node_modules/lottie-react-native/android/src/main/java/com/airbnb/android/react/lottie/LottieAnimationViewPropertyManager.kt:90:24 'class ReactFontManager : Any' is deprecated. This class is deprecated and will be deleted in the near future. Please use [com.facebook.react.common.assets.ReactFontManager] instead.
w: file:///F:/Sandy/S+Study/CODING/mov/netflix/node_modules/lottie-react-native/android/src/main/java/com/airbnb/android/react/lottie/LottiePackage.kt:11:18 This declaration overrides a deprecated member but is not marked as deprecated itself. Add the '@Deprecated' annotation or suppress the diagnostic.
w: file:///F:/Sandy/S+Study/CODING/mov/netflix/node_modules/lottie-react-native/android/src/newarch/com/airbnb/android/react/lottie/LottieAnimationViewManager.kt:107:18 'fun receiveCommand(view: LottieAnimationView, commandName: String, args: ReadableArray?): Unit' is deprecated. args is not nullable, please update your method signature.

> Task :lottie-react-native:javaPreCompileRelease
> Task :lottie-react-native:compileReleaseJavaWithJavac
> Task :lottie-react-native:bundleLibRuntimeToDirRelease
> Task :react-native-gesture-handler:checkKotlinGradlePluginConfigurationErrors SKIPPED
> Task :react-native-gesture-handler:generateReleaseBuildConfig
> Task :react-native-gesture-handler:generateReleaseResValues
> Task :react-native-gesture-handler:generateReleaseResources
> Task :react-native-gesture-handler:packageReleaseResources
> Task :react-native-gesture-handler:parseReleaseLocalResources
> Task :react-native-gesture-handler:generateReleaseRFile
> Task :react-native-reanimated:generateReleaseBuildConfig
> Task :react-native-reanimated:generateReleaseResValues
> Task :react-native-reanimated:generateReleaseResources
> Task :react-native-reanimated:packageReleaseResources
> Task :react-native-reanimated:parseReleaseLocalResources
> Task :react-native-reanimated:generateReleaseRFile
> Task :react-native-reanimated:javaPreCompileRelease
> Task :react-native-worklets:generateReleaseBuildConfig
> Task :react-native-worklets:generateReleaseResValues
> Task :react-native-worklets:generateReleaseResources
> Task :react-native-worklets:packageReleaseResources
> Task :react-native-worklets:parseReleaseLocalResources
> Task :react-native-worklets:generateReleaseRFile
> Task :react-native-worklets:javaPreCompileRelease

> Task :react-native-worklets:compileReleaseJavaWithJavac
Note: F:\Sandy\S+Study\CODING\mov\netflix\node_modules\react-native-worklets\android\src\main\java\com\swmansion\worklets\WorkletsMessageQueueThreadBase.java uses or overrides a deprecated API.
Note: Recompile with -Xlint:deprecation for details.
Note: F:\Sandy\S+Study\CODING\mov\netflix\node_modules\react-native-worklets\android\src\main\java\com\swmansion\worklets\WorkletsPackage.java uses unchecked or unsafe operations.
Note: Recompile with -Xlint:unchecked for details.

> Task :react-native-worklets:bundleLibCompileToJarRelease

> Task :react-native-reanimated:compileReleaseJavaWithJavac
Note: Some input files use or override a deprecated API.
Note: Recompile with -Xlint:deprecation for details.
Note: Some input files use unchecked or unsafe operations.
Note: Recompile with -Xlint:unchecked for details.

> Task :react-native-reanimated:bundleLibCompileToJarRelease
> Task :react-native-svg:generateReleaseBuildConfig
> Task :react-native-svg:generateReleaseResValues
> Task :react-native-svg:generateReleaseResources
> Task :react-native-svg:packageReleaseResources
> Task :react-native-svg:parseReleaseLocalResources
> Task :react-native-svg:generateReleaseRFile
> Task :react-native-svg:javaPreCompileRelease

> Task :react-native-svg:compileReleaseJavaWithJavac
Note: Some input files use or override a deprecated API.
Note: Recompile with -Xlint:deprecation for details.
Note: Some input files use unchecked or unsafe operations.
Note: Recompile with -Xlint:unchecked for details.

> Task :react-native-svg:bundleLibCompileToJarRelease

> Task :react-native-gesture-handler:compileReleaseKotlin
w: file:///F:/Sandy/S+Study/CODING/mov/netflix/node_modules/react-native-gesture-handler/android/src/main/java/com/swmansion/gesturehandler/react/Extensions.kt:7:8 'class UIManagerModule : ReactContextBaseJavaModule, OnBatchCompleteListener, LifecycleEventListener, UIManager' is deprecated. Deprecated in Java.
w: file:///F:/Sandy/S+Study/CODING/mov/netflix/node_modules/react-native-gesture-handler/android/src/main/java/com/swmansion/gesturehandler/react/Extensions.kt:12:29 'class UIManagerModule : ReactContextBaseJavaModule, OnBatchCompleteListener, LifecycleEventListener, UIManager' is deprecated. Deprecated in Java.
w: file:///F:/Sandy/S+Study/CODING/mov/netflix/node_modules/react-native-gesture-handler/android/src/main/java/com/swmansion/gesturehandler/react/Extensions.kt:13:32 'class UIManagerModule : ReactContextBaseJavaModule, OnBatchCompleteListener, LifecycleEventListener, UIManager' is deprecated. Deprecated in Java.
w: file:///F:/Sandy/S+Study/CODING/mov/netflix/node_modules/react-native-gesture-handler/android/src/main/java/com/swmansion/gesturehandler/react/RNGestureHandlerRootView.kt:41:43 The corresponding parameter in the supertype 'ReactViewGroup' is named 'ev'. This may cause problems when calling this function with named arguments.

> Task :react-native-gesture-handler:javaPreCompileRelease
> Task :react-native-gesture-handler:compileReleaseJavaWithJavac
> Task :react-native-gesture-handler:bundleLibRuntimeToDirRelease
> Task :react-native-safe-area-context:checkKotlinGradlePluginConfigurationErrors SKIPPED
> Task :react-native-safe-area-context:generateReleaseBuildConfig
> Task :react-native-safe-area-context:generateReleaseResValues
> Task :react-native-safe-area-context:generateReleaseResources
> Task :react-native-safe-area-context:packageReleaseResources
> Task :react-native-safe-area-context:parseReleaseLocalResources
> Task :react-native-safe-area-context:generateReleaseRFile

> Task :react-native-safe-area-context:compileReleaseKotlin
w: file:///F:/Sandy/S+Study/CODING/mov/netflix/node_modules/react-native-safe-area-context/android/src/main/java/com/th3rdwave/safeareacontext/SafeAreaView.kt:9:8 'class UIManagerModule : ReactContextBaseJavaModule, OnBatchCompleteListener, LifecycleEventListener, UIManager' is deprecated. Deprecated in Java.
w: file:///F:/Sandy/S+Study/CODING/mov/netflix/node_modules/react-native-safe-area-context/android/src/main/java/com/th3rdwave/safeareacontext/SafeAreaView.kt:50:54 'class UIManagerModule : ReactContextBaseJavaModule, OnBatchCompleteListener, LifecycleEventListener, UIManager' is deprecated. Deprecated in Java.
w: file:///F:/Sandy/S+Study/CODING/mov/netflix/node_modules/react-native-safe-area-context/android/src/main/java/com/th3rdwave/safeareacontext/SafeAreaView.kt:59:23 'val uiImplementation: UIImplementation!' is deprecated. Deprecated in Java.
w: file:///F:/Sandy/S+Study/CODING/mov/netflix/node_modules/react-native-safe-area-context/android/src/main/java/com/th3rdwave/safeareacontext/SafeAreaViewShadowNode.kt:9:32 'class LayoutShadowNode : ReactShadowNodeImpl' is deprecated. Deprecated in Java.
w: file:///F:/Sandy/S+Study/CODING/mov/netflix/node_modules/react-native-safe-area-context/android/src/main/java/com/th3rdwave/safeareacontext/SafeAreaViewShadowNode.kt:110:61 'class NativeViewHierarchyOptimizer : Any' is deprecated. Deprecated in Java.

> Task :react-native-safe-area-context:javaPreCompileRelease
> Task :react-native-safe-area-context:compileReleaseJavaWithJavac
> Task :react-native-safe-area-context:bundleLibRuntimeToDirRelease
> Task :react-native-video:checkKotlinGradlePluginConfigurationErrors SKIPPED
> Task :react-native-video:generateReleaseBuildConfig
> Task :react-native-video:generateReleaseResValues
> Task :react-native-video:generateReleaseResources
> Task :react-native-video:packageReleaseResources
> Task :react-native-video:parseReleaseLocalResources
> Task :react-native-video:generateReleaseRFile

> Task :react-native-video:compileReleaseKotlin
w: file:///F:/Sandy/S+Study/CODING/mov/netflix/node_modules/react-native-video/android/src/main/java/com/brentvatne/exoplayer/DataSourceUtil.kt:64:23 'constructor(reactContext: ReactContext): ForwardingCookieHandler' is deprecated. Use the default constructor.
w: file:///F:/Sandy/S+Study/CODING/mov/netflix/node_modules/react-native-video/android/src/main/java/com/brentvatne/exoplayer/ExoPlayerView.kt:49:9 'fun setUseArtwork(p0: Boolean): Unit' is deprecated. Deprecated in Java.
w: file:///F:/Sandy/S+Study/CODING/mov/netflix/node_modules/react-native-video/android/src/main/java/com/brentvatne/react/ReactVideoPackage.kt:14:18 This declaration overrides a deprecated member but is not marked as deprecated itself. Add the '@Deprecated' annotation or suppress the diagnostic.
w: file:///F:/Sandy/S+Study/CODING/mov/netflix/node_modules/react-native-video/android/src/main/java/com/brentvatne/react/VideoManagerModule.kt:23:106 'val DEFAULT: Int' is deprecated. UIManagerType.DEFAULT will be deleted in the next release of React Native. Use [LEGACY] instead.

> Task :react-native-video:javaPreCompileRelease

> Task :react-native-video:compileReleaseJavaWithJavac
Note: Some input files use or override a deprecated API.
Note: Recompile with -Xlint:deprecation for details.
Note: F:\Sandy\S+Study\CODING\mov\netflix\node_modules\react-native-video\android\src\main\java\com\brentvatne\exoplayer\ReactExoplayerView.java uses unchecked or unsafe operations.
Note: Recompile with -Xlint:unchecked for details.

> Task :react-native-video:bundleLibRuntimeToDirRelease
> Task :react-native-community_slider:generateReleaseBuildConfig
> Task :react-native-community_slider:generateReleaseResValues
> Task :react-native-community_slider:generateReleaseResources
> Task :react-native-community_slider:packageReleaseResources
> Task :react-native-community_slider:parseReleaseLocalResources
> Task :react-native-community_slider:generateReleaseRFile
> Task :react-native-community_slider:javaPreCompileRelease

> Task :react-native-community_slider:compileReleaseJavaWithJavac
Note: Some input files use or override a deprecated API.
Note: Recompile with -Xlint:deprecation for details.

> Task :react-native-community_slider:bundleLibRuntimeToDirRelease
> Task :react-native-orientation-locker:generateReleaseBuildConfig
> Task :react-native-orientation-locker:generateReleaseResValues
> Task :react-native-orientation-locker:generateReleaseResources
> Task :react-native-orientation-locker:packageReleaseResources
> Task :react-native-orientation-locker:parseReleaseLocalResources
> Task :react-native-orientation-locker:generateReleaseRFile
> Task :react-native-orientation-locker:javaPreCompileRelease

> Task :react-native-orientation-locker:compileReleaseJavaWithJavac
Note: Some input files use or override a deprecated API.
Note: Recompile with -Xlint:deprecation for details.

> Task :react-native-orientation-locker:bundleLibRuntimeToDirRelease
> Task :react-native-reanimated:bundleLibRuntimeToDirRelease
> Task :react-native-svg:bundleLibRuntimeToDirRelease
> Task :react-native-worklets:bundleLibRuntimeToDirRelease
> Task :app:checkReleaseDuplicateClasses
> Task :app:buildKotlinToolingMetadata
> Task :app:checkKotlinGradlePluginConfigurationErrors SKIPPED
> Task :app:generateReleaseBuildConfig
> Task :lottie-react-native:writeReleaseAarMetadata
> Task :react-native-community_slider:writeReleaseAarMetadata
> Task :react-native-gesture-handler:writeReleaseAarMetadata
> Task :react-native-orientation-locker:writeReleaseAarMetadata
> Task :react-native-reanimated:writeReleaseAarMetadata
> Task :react-native-safe-area-context:writeReleaseAarMetadata
> Task :react-native-svg:writeReleaseAarMetadata
> Task :react-native-video:writeReleaseAarMetadata
> Task :react-native-worklets:writeReleaseAarMetadata
> Task :app:checkReleaseAarMetadata

> Task :app:createBundleReleaseJsAndAssets

                        ▒▒▓▓▓▓▒▒
                     ▒▓▓▓▒▒░░▒▒▓▓▓▒
                  ▒▓▓▓▓░░░▒▒▒▒░░░▓▓▓▓▒
                 ▓▓▒▒▒▓▓▓▓▓▓▓▓▓▓▓▓▒▒▒▓▓
                 ▓▓░░░░░▒▓▓▓▓▓▓▒░░░░░▓▓
                 ▓▓░░▓▓▒░░░▒▒░░░▒▓▒░░▓▓
                 ▓▓░░▓▓▓▓▓▒▒▒▒▓▓▓▓▒░░▓▓
                 ▓▓░░▓▓▓▓▓▓▓▓▓▓▓▓▓▒░░▓▓
                 ▓▓▒░░▒▒▓▓▓▓▓▓▓▓▒░░░▒▓▓
                  ▒▓▓▓▒░░░▒▓▓▒░░░▒▓▓▓▒
                     ▒▓▓▓▒░░░░▒▓▓▓▒
                        ▒▒▓▓▓▓▒▒


 WARN  the transform cache was reset.
                Welcome to Metro v0.83.3
              Fast - Scalable - Integrated


LOG:Writing bundle output to: android\app\build\generated\assets\react\release\index.android.bundle
LOG:Writing sourcemap output to: android\app\build\intermediates\sourcemaps\react\release\index.android.bundle.packager.map
LOG:Done writing bundle output
LOG:Done writing sourcemap output

> Task :app:generateReleaseResValues
> Task :app:mapReleaseSourceSetPaths
> Task :app:generateReleaseResources
> Task :app:mergeReleaseResources
> Task :app:packageReleaseResources
> Task :app:parseReleaseLocalResources
> Task :app:createReleaseCompatibleScreenManifests
> Task :app:extractDeepLinksRelease
> Task :lottie-react-native:extractDeepLinksRelease
> Task :lottie-react-native:processReleaseManifest
> Task :react-native-community_slider:extractDeepLinksRelease

> Task :react-native-community_slider:processReleaseManifest
package="com.reactnativecommunity.slider" found in source AndroidManifest.xml: F:\Sandy\S+Study\CODING\mov\netflix\node_modules\@react-native-community\slider\android\src\main\AndroidManifest.xml.
Setting the namespace via the package attribute in the source AndroidManifest.xml is no longer supported, and the value is ignored.
Recommendation: remove package="com.reactnativecommunity.slider" from the source AndroidManifest.xml: F:\Sandy\S+Study\CODING\mov\netflix\node_modules\@react-native-community\slider\android\src\main\AndroidManifest.xml.

> Task :react-native-gesture-handler:extractDeepLinksRelease
> Task :react-native-gesture-handler:processReleaseManifest
> Task :react-native-orientation-locker:extractDeepLinksRelease

> Task :react-native-orientation-locker:processReleaseManifest
package="org.wonday.orientation" found in source AndroidManifest.xml: F:\Sandy\S+Study\CODING\mov\netflix\node_modules\react-native-orientation-locker\android\src\main\AndroidManifest.xml.
Setting the namespace via the package attribute in the source AndroidManifest.xml is no longer supported, and the value is ignored.
Recommendation: remove package="org.wonday.orientation" from the source AndroidManifest.xml: F:\Sandy\S+Study\CODING\mov\netflix\node_modules\react-native-orientation-locker\android\src\main\AndroidManifest.xml.

> Task :react-native-reanimated:extractDeepLinksRelease
> Task :react-native-reanimated:processReleaseManifest
> Task :react-native-safe-area-context:extractDeepLinksRelease

> Task :react-native-safe-area-context:processReleaseManifest
package="com.th3rdwave.safeareacontext" found in source AndroidManifest.xml: F:\Sandy\S+Study\CODING\mov\netflix\node_modules\react-native-safe-area-context\android\src\main\AndroidManifest.xml.
Setting the namespace via the package attribute in the source AndroidManifest.xml is no longer supported, and the value is ignored.
Recommendation: remove package="com.th3rdwave.safeareacontext" from the source AndroidManifest.xml: F:\Sandy\S+Study\CODING\mov\netflix\node_modules\react-native-safe-area-context\android\src\main\AndroidManifest.xml.

> Task :react-native-svg:extractDeepLinksRelease
> Task :react-native-svg:processReleaseManifest
> Task :react-native-video:extractDeepLinksRelease
> Task :react-native-video:processReleaseManifest
> Task :react-native-worklets:extractDeepLinksRelease
> Task :react-native-worklets:processReleaseManifest
> Task :app:processReleaseMainManifest
> Task :app:processReleaseManifest
> Task :app:processReleaseManifestForPackage
> Task :lottie-react-native:compileReleaseLibraryResources
> Task :react-native-community_slider:compileReleaseLibraryResources
> Task :react-native-gesture-handler:compileReleaseLibraryResources
> Task :react-native-orientation-locker:compileReleaseLibraryResources
> Task :react-native-reanimated:compileReleaseLibraryResources
> Task :react-native-safe-area-context:compileReleaseLibraryResources
> Task :react-native-svg:compileReleaseLibraryResources
> Task :react-native-video:compileReleaseLibraryResources
> Task :react-native-worklets:compileReleaseLibraryResources
> Task :app:processReleaseResources
> Task :lottie-react-native:bundleLibCompileToJarRelease
> Task :react-native-community_slider:bundleLibCompileToJarRelease
> Task :react-native-gesture-handler:bundleLibCompileToJarRelease
> Task :react-native-orientation-locker:bundleLibCompileToJarRelease
> Task :react-native-safe-area-context:bundleLibCompileToJarRelease
> Task :react-native-video:bundleLibCompileToJarRelease
> Task :app:compileReleaseKotlin
> Task :app:javaPreCompileRelease
> Task :app:compileReleaseJavaWithJavac
> Task :app:dexBuilderRelease
> Task :app:desugarReleaseFileDependencies
> Task :app:mergeReleaseStartupProfile UP-TO-DATE
> Task :app:mergeExtDexRelease
> Task :app:mergeDexRelease
> Task :lottie-react-native:prepareReleaseArtProfile UP-TO-DATE
> Task :react-native-community_slider:prepareReleaseArtProfile UP-TO-DATE
> Task :react-native-gesture-handler:prepareReleaseArtProfile
> Task :react-native-orientation-locker:prepareReleaseArtProfile
> Task :react-native-reanimated:prepareReleaseArtProfile
> Task :react-native-safe-area-context:prepareReleaseArtProfile UP-TO-DATE
> Task :react-native-svg:prepareReleaseArtProfile
> Task :react-native-video:prepareReleaseArtProfile UP-TO-DATE
> Task :react-native-worklets:prepareReleaseArtProfile
> Task :app:mergeReleaseArtProfile
> Task :lottie-react-native:bundleLibRuntimeToJarRelease
> Task :react-native-gesture-handler:bundleLibRuntimeToJarRelease
> Task :react-native-safe-area-context:bundleLibRuntimeToJarRelease
> Task :react-native-video:bundleLibRuntimeToJarRelease
> Task :react-native-community_slider:bundleLibRuntimeToJarRelease
> Task :react-native-orientation-locker:bundleLibRuntimeToJarRelease
> Task :react-native-reanimated:bundleLibRuntimeToJarRelease
> Task :react-native-svg:bundleLibRuntimeToJarRelease
> Task :react-native-worklets:bundleLibRuntimeToJarRelease
> Task :app:mergeReleaseGlobalSynthetics
> Task :app:compileReleaseArtProfile
> Task :app:mergeReleaseShaders
> Task :app:compileReleaseShaders NO-SOURCE
> Task :app:generateReleaseAssets UP-TO-DATE
> Task :lottie-react-native:mergeReleaseShaders
> Task :lottie-react-native:compileReleaseShaders NO-SOURCE
> Task :lottie-react-native:generateReleaseAssets UP-TO-DATE
> Task :lottie-react-native:mergeReleaseAssets
> Task :react-native-community_slider:mergeReleaseShaders
> Task :react-native-community_slider:compileReleaseShaders NO-SOURCE
> Task :react-native-community_slider:generateReleaseAssets UP-TO-DATE
> Task :react-native-community_slider:mergeReleaseAssets
> Task :react-native-gesture-handler:mergeReleaseShaders
> Task :react-native-gesture-handler:compileReleaseShaders NO-SOURCE
> Task :react-native-gesture-handler:generateReleaseAssets UP-TO-DATE
> Task :react-native-gesture-handler:mergeReleaseAssets
> Task :react-native-orientation-locker:mergeReleaseShaders
> Task :react-native-orientation-locker:compileReleaseShaders NO-SOURCE
> Task :react-native-orientation-locker:generateReleaseAssets UP-TO-DATE
> Task :react-native-orientation-locker:mergeReleaseAssets
> Task :react-native-reanimated:mergeReleaseShaders
> Task :react-native-reanimated:compileReleaseShaders NO-SOURCE
> Task :react-native-reanimated:generateReleaseAssets UP-TO-DATE
> Task :react-native-reanimated:mergeReleaseAssets
> Task :react-native-safe-area-context:mergeReleaseShaders
> Task :react-native-safe-area-context:compileReleaseShaders NO-SOURCE
> Task :react-native-safe-area-context:generateReleaseAssets UP-TO-DATE
> Task :react-native-safe-area-context:mergeReleaseAssets
> Task :react-native-svg:mergeReleaseShaders
> Task :react-native-svg:compileReleaseShaders NO-SOURCE
> Task :react-native-svg:generateReleaseAssets UP-TO-DATE
> Task :react-native-svg:mergeReleaseAssets
> Task :react-native-video:mergeReleaseShaders
> Task :react-native-video:compileReleaseShaders NO-SOURCE
> Task :react-native-video:generateReleaseAssets UP-TO-DATE
> Task :react-native-video:mergeReleaseAssets
> Task :react-native-worklets:mergeReleaseShaders
> Task :react-native-worklets:compileReleaseShaders NO-SOURCE
> Task :react-native-worklets:generateReleaseAssets UP-TO-DATE
> Task :react-native-worklets:mergeReleaseAssets
> Task :app:mergeReleaseAssets
> Task :app:compressReleaseAssets
> Task :app:extractReleaseVersionControlInfo
> Task :app:extractProguardFiles
> Task :lottie-react-native:processReleaseJavaRes
> Task :lottie-react-native:createFullJarRelease
> Task :lottie-react-native:extractProguardFiles
> Task :lottie-react-native:generateReleaseLintModel
> Task :lottie-react-native:prepareLintJarForPublish UP-TO-DATE
> Task :react-native-community_slider:processReleaseJavaRes NO-SOURCE
> Task :react-native-community_slider:createFullJarRelease
> Task :react-native-community_slider:extractProguardFiles
> Task :react-native-community_slider:generateReleaseLintModel
> Task :react-native-community_slider:prepareLintJarForPublish UP-TO-DATE
> Task :react-native-gesture-handler:processReleaseJavaRes
> Task :react-native-gesture-handler:createFullJarRelease
> Task :react-native-gesture-handler:extractProguardFiles
> Task :react-native-reanimated:processReleaseJavaRes NO-SOURCE
> Task :react-native-reanimated:createFullJarRelease
> Task :react-native-reanimated:extractProguardFiles
> Task :react-native-worklets:processReleaseJavaRes NO-SOURCE
> Task :react-native-worklets:createFullJarRelease
> Task :react-native-worklets:extractProguardFiles
> Task :react-native-worklets:generateReleaseLintModel
> Task :react-native-worklets:prepareLintJarForPublish UP-TO-DATE
> Task :react-native-reanimated:generateReleaseLintModel
> Task :react-native-reanimated:prepareLintJarForPublish UP-TO-DATE
> Task :react-native-svg:processReleaseJavaRes NO-SOURCE
> Task :react-native-svg:createFullJarRelease
> Task :react-native-svg:extractProguardFiles
> Task :react-native-svg:generateReleaseLintModel
> Task :react-native-svg:prepareLintJarForPublish UP-TO-DATE
> Task :react-native-gesture-handler:generateReleaseLintModel
> Task :react-native-gesture-handler:prepareLintJarForPublish UP-TO-DATE
> Task :react-native-orientation-locker:processReleaseJavaRes NO-SOURCE
> Task :react-native-orientation-locker:createFullJarRelease
> Task :react-native-orientation-locker:extractProguardFiles
> Task :react-native-orientation-locker:generateReleaseLintModel
> Task :react-native-orientation-locker:prepareLintJarForPublish UP-TO-DATE
> Task :react-native-safe-area-context:processReleaseJavaRes
> Task :react-native-safe-area-context:createFullJarRelease
> Task :react-native-safe-area-context:extractProguardFiles
> Task :react-native-safe-area-context:generateReleaseLintModel
> Task :react-native-safe-area-context:prepareLintJarForPublish UP-TO-DATE
> Task :react-native-video:processReleaseJavaRes
> Task :react-native-video:createFullJarRelease
> Task :react-native-video:extractProguardFiles
> Task :react-native-video:generateReleaseLintModel
> Task :react-native-video:prepareLintJarForPublish UP-TO-DATE
> Task :app:generateReleaseLintVitalReportModel
> Task :lottie-react-native:stripReleaseDebugSymbols NO-SOURCE
> Task :lottie-react-native:copyReleaseJniLibsProjectAndLocalJars
> Task :lottie-react-native:extractDeepLinksForAarRelease UP-TO-DATE
> Task :lottie-react-native:extractReleaseAnnotations
> Task :lottie-react-native:mergeReleaseGeneratedProguardFiles UP-TO-DATE
> Task :lottie-react-native:mergeReleaseConsumerProguardFiles UP-TO-DATE
> Task :lottie-react-native:mergeReleaseJavaResource
> Task :lottie-react-native:syncReleaseLibJars
> Task :lottie-react-native:bundleReleaseLocalLintAar
> Task :react-native-gesture-handler:stripReleaseDebugSymbols
> Task :react-native-gesture-handler:copyReleaseJniLibsProjectAndLocalJars
> Task :react-native-gesture-handler:extractDeepLinksForAarRelease
> Task :react-native-gesture-handler:extractReleaseAnnotations
> Task :react-native-gesture-handler:mergeReleaseGeneratedProguardFiles
> Task :react-native-gesture-handler:mergeReleaseConsumerProguardFiles
> Task :react-native-gesture-handler:mergeReleaseJavaResource
> Task :react-native-gesture-handler:syncReleaseLibJars
> Task :react-native-gesture-handler:bundleReleaseLocalLintAar
> Task :react-native-safe-area-context:stripReleaseDebugSymbols NO-SOURCE
> Task :react-native-safe-area-context:copyReleaseJniLibsProjectAndLocalJars
> Task :react-native-safe-area-context:extractDeepLinksForAarRelease UP-TO-DATE
> Task :react-native-safe-area-context:extractReleaseAnnotations
> Task :react-native-safe-area-context:mergeReleaseGeneratedProguardFiles UP-TO-DATE
> Task :react-native-safe-area-context:mergeReleaseConsumerProguardFiles UP-TO-DATE
> Task :react-native-safe-area-context:mergeReleaseJavaResource
> Task :react-native-safe-area-context:syncReleaseLibJars
> Task :react-native-safe-area-context:bundleReleaseLocalLintAar
> Task :react-native-video:stripReleaseDebugSymbols NO-SOURCE
> Task :react-native-video:copyReleaseJniLibsProjectAndLocalJars
> Task :react-native-video:extractDeepLinksForAarRelease UP-TO-DATE
> Task :react-native-video:extractReleaseAnnotations
> Task :react-native-video:mergeReleaseGeneratedProguardFiles UP-TO-DATE
> Task :react-native-video:mergeReleaseConsumerProguardFiles UP-TO-DATE
> Task :react-native-video:mergeReleaseJavaResource
> Task :react-native-video:syncReleaseLibJars
> Task :react-native-video:bundleReleaseLocalLintAar
> Task :react-native-community_slider:stripReleaseDebugSymbols NO-SOURCE
> Task :react-native-community_slider:copyReleaseJniLibsProjectAndLocalJars
> Task :react-native-community_slider:extractDeepLinksForAarRelease UP-TO-DATE
> Task :react-native-community_slider:extractReleaseAnnotations
> Task :react-native-community_slider:mergeReleaseGeneratedProguardFiles UP-TO-DATE
> Task :react-native-community_slider:mergeReleaseConsumerProguardFiles UP-TO-DATE
> Task :react-native-community_slider:mergeReleaseJavaResource
> Task :react-native-community_slider:syncReleaseLibJars
> Task :react-native-community_slider:bundleReleaseLocalLintAar
> Task :react-native-orientation-locker:stripReleaseDebugSymbols NO-SOURCE
> Task :react-native-orientation-locker:copyReleaseJniLibsProjectAndLocalJars
> Task :react-native-orientation-locker:extractDeepLinksForAarRelease
> Task :react-native-orientation-locker:extractReleaseAnnotations
> Task :react-native-orientation-locker:mergeReleaseGeneratedProguardFiles
> Task :react-native-orientation-locker:mergeReleaseConsumerProguardFiles
> Task :react-native-orientation-locker:mergeReleaseJavaResource
> Task :react-native-orientation-locker:syncReleaseLibJars
> Task :react-native-orientation-locker:bundleReleaseLocalLintAar
> Task :react-native-reanimated:stripReleaseDebugSymbols
> Task :react-native-reanimated:copyReleaseJniLibsProjectAndLocalJars
> Task :react-native-reanimated:extractDeepLinksForAarRelease
> Task :react-native-reanimated:extractReleaseAnnotations
> Task :react-native-reanimated:mergeReleaseGeneratedProguardFiles
> Task :react-native-reanimated:mergeReleaseConsumerProguardFiles
> Task :react-native-reanimated:mergeReleaseJavaResource
> Task :react-native-reanimated:syncReleaseLibJars
> Task :react-native-reanimated:bundleReleaseLocalLintAar
> Task :react-native-svg:stripReleaseDebugSymbols NO-SOURCE
> Task :react-native-svg:copyReleaseJniLibsProjectAndLocalJars
> Task :react-native-svg:extractDeepLinksForAarRelease
> Task :react-native-svg:extractReleaseAnnotations
> Task :react-native-svg:mergeReleaseGeneratedProguardFiles
> Task :react-native-svg:mergeReleaseConsumerProguardFiles
> Task :react-native-svg:mergeReleaseJavaResource
> Task :react-native-svg:syncReleaseLibJars
> Task :react-native-svg:bundleReleaseLocalLintAar
> Task :react-native-worklets:stripReleaseDebugSymbols
> Task :react-native-worklets:copyReleaseJniLibsProjectAndLocalJars
> Task :react-native-worklets:extractDeepLinksForAarRelease
> Task :react-native-worklets:extractReleaseAnnotations
> Task :react-native-worklets:mergeReleaseGeneratedProguardFiles
> Task :react-native-worklets:mergeReleaseConsumerProguardFiles
> Task :react-native-worklets:mergeReleaseJavaResource
> Task :react-native-worklets:syncReleaseLibJars
> Task :react-native-worklets:bundleReleaseLocalLintAar
> Task :lottie-react-native:lintVitalAnalyzeRelease
> Task :lottie-react-native:writeReleaseLintModelMetadata
> Task :react-native-community_slider:lintVitalAnalyzeRelease
> Task :react-native-community_slider:writeReleaseLintModelMetadata
> Task :react-native-reanimated:writeReleaseLintModelMetadata
> Task :react-native-svg:writeReleaseLintModelMetadata
> Task :react-native-worklets:writeReleaseLintModelMetadata
> Task :react-native-gesture-handler:lintVitalAnalyzeRelease
> Task :react-native-gesture-handler:writeReleaseLintModelMetadata
> Task :react-native-orientation-locker:lintVitalAnalyzeRelease
> Task :react-native-orientation-locker:writeReleaseLintModelMetadata
> Task :react-native-reanimated:lintVitalAnalyzeRelease
> Task :react-native-safe-area-context:lintVitalAnalyzeRelease
> Task :react-native-safe-area-context:writeReleaseLintModelMetadata
> Task :react-native-svg:lintVitalAnalyzeRelease
> Task :react-native-video:lintVitalAnalyzeRelease
> Task :react-native-video:writeReleaseLintModelMetadata
> Task :react-native-worklets:lintVitalAnalyzeRelease
> Task :app:lintVitalAnalyzeRelease
> Task :lottie-react-native:generateReleaseLintVitalModel
> Task :react-native-community_slider:generateReleaseLintVitalModel
> Task :react-native-gesture-handler:generateReleaseLintVitalModel
> Task :react-native-orientation-locker:generateReleaseLintVitalModel
> Task :react-native-reanimated:generateReleaseLintVitalModel
> Task :react-native-safe-area-context:generateReleaseLintVitalModel
> Task :react-native-svg:generateReleaseLintVitalModel
> Task :react-native-video:generateReleaseLintVitalModel
> Task :react-native-worklets:generateReleaseLintVitalModel
> Task :app:lintVitalReportRelease
> Task :app:lintVitalRelease
> Task :app:processReleaseJavaRes
> Task :app:mergeReleaseJavaResource
> Task :app:optimizeReleaseResources
> Task :app:collectReleaseDependencies
> Task :app:sdkReleaseDependencyData
> Task :app:validateSigningRelease
> Task :app:writeReleaseAppMetadata
> Task :app:writeReleaseSigningConfigVersions
> Task :app:packageRelease
> Task :app:createReleaseApkListingFileRedirect
> Task :app:assembleRelease
> Task :lottie-react-native:bundleReleaseAar
> Task :lottie-react-native:mapReleaseSourceSetPaths
> Task :lottie-react-native:mergeReleaseResources
> Task :lottie-react-native:verifyReleaseResources
> Task :lottie-react-native:assembleRelease
> Task :react-native-community_slider:bundleReleaseAar
> Task :react-native-community_slider:mapReleaseSourceSetPaths
> Task :react-native-community_slider:mergeReleaseResources
> Task :react-native-community_slider:verifyReleaseResources
> Task :react-native-community_slider:assembleRelease
> Task :react-native-gesture-handler:bundleReleaseAar
> Task :react-native-gesture-handler:mapReleaseSourceSetPaths
> Task :react-native-gesture-handler:mergeReleaseResources
> Task :react-native-gesture-handler:verifyReleaseResources
> Task :react-native-gesture-handler:assembleRelease
> Task :react-native-orientation-locker:bundleReleaseAar
> Task :react-native-orientation-locker:mapReleaseSourceSetPaths
> Task :react-native-orientation-locker:mergeReleaseResources
> Task :react-native-orientation-locker:verifyReleaseResources
> Task :react-native-orientation-locker:assembleRelease
> Task :react-native-reanimated:bundleReleaseAar
> Task :react-native-reanimated:mapReleaseSourceSetPaths
> Task :react-native-reanimated:mergeReleaseResources
> Task :react-native-reanimated:verifyReleaseResources
> Task :react-native-reanimated:assembleRelease
> Task :react-native-safe-area-context:bundleReleaseAar
> Task :react-native-safe-area-context:mapReleaseSourceSetPaths
> Task :react-native-safe-area-context:mergeReleaseResources
Terminate batch job (Y/N)? 
^C