#
# There is insufficient memory for the Java Runtime Environment to continue.
# Native memory allocation (malloc) failed to allocate 32744 bytes for ChunkPool::allocate
# Possible reasons:
#   The system is out of physical RAM or swap space
#   The process is running with CompressedOops enabled, and the Java Heap may be blocking the growth of the native heap
# Possible solutions:
#   Reduce memory load on the system
#   Increase physical memory or swap space
#   Check if swap backing store is full
#   Decrease Java heap size (-Xmx/-Xms)
#   Decrease number of Java threads
#   Decrease Java thread stack sizes (-Xss)
#   Set larger code cache with -XX:ReservedCodeCacheSize=
#   JVM is running with Unscaled Compressed Oops mode in which the Java heap is
#     placed in the first 4GB address space. The Java Heap base address is the
#     maximum limit for the native heap growth. Please use -XX:HeapBaseMinAddress
#     to set the Java Heap base and to place the Java Heap above 4GB virtual address.
# This output file may be truncated or incomplete.
#
#  Out of Memory Error (arena.cpp:78), pid=31500, tid=18016
#
# JRE version: Java(TM) SE Runtime Environment (17.0.13+10) (build 17.0.13+10-LTS-268)
# Java VM: Java HotSpot(TM) 64-Bit Server VM (17.0.13+10-LTS-268, mixed mode, sharing, tiered, compressed oops, compressed class ptrs, g1 gc, windows-amd64)
# No core dump will be written. Minidumps are not enabled by default on client versions of Windows
#

---------------  S U M M A R Y ------------

Command Line: -Xmx64m -Xms64m -Dorg.gradle.appname=gradlew F:\Sandy\S+Study\CODING\mov\netflix\android\\gradle\wrapper\gradle-wrapper.jar assembleDebug

Host: AMD Ryzen 5 5600H with Radeon Graphics         , 12 cores, 23G,  Windows 11 , 64 bit Build 26100 (10.0.26100.7019)
Time: Wed Nov 26 22:03:45 2025 India Standard Time elapsed time: 24.564013 seconds (0d 0h 0m 24s)

---------------  T H R E A D  ---------------

Current thread (0x0000019b28b6cca0):  JavaThread "C2 CompilerThread0" daemon [_thread_in_native, id=18016, stack(0x0000005cb7a00000,0x0000005cb7b00000)]


Current CompileTask:
C2:  24564 1736   !   4       java.util.concurrent.ConcurrentHashMap::transfer (849 bytes)

Stack: [0x0000005cb7a00000,0x0000005cb7b00000]
Native frames: (J=compiled Java code, j=interpreted, Vv=VM code, C=native code)
V  [jvm.dll+0x67a23a]
V  [jvm.dll+0x7da96d]
V  [jvm.dll+0x7dc2b3]
V  [jvm.dll+0x7dc923]
V  [jvm.dll+0x2450ef]
V  [jvm.dll+0xab9c4]
V  [jvm.dll+0xabd5c]
V  [jvm.dll+0x65a10a]
V  [jvm.dll+0x6c6cd5]
V  [jvm.dll+0x1ba1f1]
V  [jvm.dll+0x2169f7]
V  [jvm.dll+0x215ccf]
V  [jvm.dll+0x1a2980]
V  [jvm.dll+0x22616b]
V  [jvm.dll+0x22430b]
V  [jvm.dll+0x790a8c]
V  [jvm.dll+0x78af1a]
V  [jvm.dll+0x679125]
C  [ucrtbase.dll+0x37b0]
C  [KERNEL32.DLL+0x2e8d7]
C  [ntdll.dll+0x8c53c]


---------------  P R O C E S S  ---------------

Threads class SMR info:
_java_thread_list=0x0000019b6e935b10, length=14, elements={
0x0000019b0d248360, 0x0000019b0d2feb30, 0x0000019b0d300170, 0x0000019b28b64bb0,
0x0000019b28b65480, 0x0000019b28b668c0, 0x0000019b28b68d10, 0x0000019b28b6cca0,
0x0000019b28b7a150, 0x0000019b28b7aa60, 0x0000019b6e0795f0, 0x0000019b6e07edc0,
0x0000019b6f6940d0, 0x0000019b6ee04510
}

Java Threads: ( => current thread )
  0x0000019b0d248360 JavaThread "main" [_thread_blocked, id=30532, stack(0x0000005cb6d00000,0x0000005cb6e00000)]
  0x0000019b0d2feb30 JavaThread "Reference Handler" daemon [_thread_blocked, id=2496, stack(0x0000005cb7400000,0x0000005cb7500000)]
  0x0000019b0d300170 JavaThread "Finalizer" daemon [_thread_blocked, id=31340, stack(0x0000005cb7500000,0x0000005cb7600000)]
  0x0000019b28b64bb0 JavaThread "Signal Dispatcher" daemon [_thread_blocked, id=17596, stack(0x0000005cb7600000,0x0000005cb7700000)]
  0x0000019b28b65480 JavaThread "Attach Listener" daemon [_thread_blocked, id=29460, stack(0x0000005cb7700000,0x0000005cb7800000)]
  0x0000019b28b668c0 JavaThread "Service Thread" daemon [_thread_blocked, id=29316, stack(0x0000005cb7800000,0x0000005cb7900000)]
  0x0000019b28b68d10 JavaThread "Monitor Deflation Thread" daemon [_thread_blocked, id=26136, stack(0x0000005cb7900000,0x0000005cb7a00000)]
=>0x0000019b28b6cca0 JavaThread "C2 CompilerThread0" daemon [_thread_in_native, id=18016, stack(0x0000005cb7a00000,0x0000005cb7b00000)]
  0x0000019b28b7a150 JavaThread "C1 CompilerThread0" daemon [_thread_blocked, id=6780, stack(0x0000005cb7b00000,0x0000005cb7c00000)]
  0x0000019b28b7aa60 JavaThread "Sweeper thread" daemon [_thread_blocked, id=3068, stack(0x0000005cb7c00000,0x0000005cb7d00000)]
  0x0000019b6e0795f0 JavaThread "Notification Thread" daemon [_thread_blocked, id=7288, stack(0x0000005cb7d00000,0x0000005cb7e00000)]
  0x0000019b6e07edc0 JavaThread "Common-Cleaner" daemon [_thread_blocked, id=7844, stack(0x0000005cb7f00000,0x0000005cb8000000)]
  0x0000019b6f6940d0 JavaThread "pool-1-thread-1" [_thread_in_Java, id=28172, stack(0x0000005cb8500000,0x0000005cb8600000)]
  0x0000019b6ee04510 JavaThread "C2 CompilerThread1" daemon [_thread_in_vm, id=1192, stack(0x0000005cb8900000,0x0000005cb8a00000)]

Other Threads:
  0x0000019b0d2f62f0 VMThread "VM Thread" [stack: 0x0000005cb7300000,0x0000005cb7400000] [id=21160]
  0x0000019b6e07c710 WatcherThread [stack: 0x0000005cb7e00000,0x0000005cb7f00000] [id=27696]
  0x0000019b0d269c70 GCTaskThread "GC Thread#0" [stack: 0x0000005cb6e00000,0x0000005cb6f00000] [id=30328]
  0x0000019b6e423750 GCTaskThread "GC Thread#1" [stack: 0x0000005cb8200000,0x0000005cb8300000] [id=5568]
  0x0000019b6e55dde0 GCTaskThread "GC Thread#2" [stack: 0x0000005cb8300000,0x0000005cb8400000] [id=26468]
  0x0000019b6e55e0a0 GCTaskThread "GC Thread#3" [stack: 0x0000005cb8400000,0x0000005cb8500000] [id=5832]
  0x0000019b6ef07c60 GCTaskThread "GC Thread#4" [stack: 0x0000005cb8000000,0x0000005cb8100000] [id=15500]
  0x0000019b6f7f78a0 GCTaskThread "GC Thread#5" [stack: 0x0000005cb8100000,0x0000005cb8200000] [id=25944]
  0x0000019b6e7981d0 GCTaskThread "GC Thread#6" [stack: 0x0000005cb8600000,0x0000005cb8700000] [id=27640]
  0x0000019b6f104c60 GCTaskThread "GC Thread#7" [stack: 0x0000005cb8700000,0x0000005cb8800000] [id=18020]
  0x0000019b0d26b2d0 ConcurrentGCThread "G1 Main Marker" [stack: 0x0000005cb6f00000,0x0000005cb7000000] [id=31148]
  0x0000019b0d26c8c0 ConcurrentGCThread "G1 Conc#0" [stack: 0x0000005cb7000000,0x0000005cb7100000] [id=20296]
  0x0000019b0d2db6b0 ConcurrentGCThread "G1 Refine#0" [stack: 0x0000005cb7100000,0x0000005cb7200000] [id=27728]
  0x0000019b0d2dcea0 ConcurrentGCThread "G1 Service" [stack: 0x0000005cb7200000,0x0000005cb7300000] [id=3772]

Threads with active compile tasks:
C2 CompilerThread0    24598 1736   !   4       java.util.concurrent.ConcurrentHashMap::transfer (849 bytes)
C2 CompilerThread1    24598 1875       4       org.gradle.internal.logging.text.AbstractLineChoppingStyledTextOutput$1::execute (9 bytes)

VM state: not at safepoint (normal execution)

VM Mutex/Monitor currently owned by a thread: None

Heap address: 0x00000000fc000000, size: 64 MB, Compressed Oops mode: 32-bit

CDS archive(s) mapped at: [0x0000019b29000000-0x0000019b29bd0000-0x0000019b29bd0000), size 12386304, SharedBaseAddress: 0x0000019b29000000, ArchiveRelocationMode: 1.
Compressed class space mapped at: 0x0000019b2a000000-0x0000019b6a000000, reserved size: 1073741824
Narrow klass base: 0x0000019b29000000, Narrow klass shift: 0, Narrow klass range: 0x100000000

GC Precious Log:
 CPUs: 12 total, 12 available
 Memory: 23905M
 Large Page Support: Disabled
 NUMA Support: Disabled
 Compressed Oops: Enabled (32-bit)
 Heap Region Size: 1M
 Heap Min Capacity: 64M
 Heap Initial Capacity: 64M
 Heap Max Capacity: 64M
 Pre-touch: Disabled
 Parallel Workers: 10
 Concurrent Workers: 3
 Concurrent Refinement Workers: 10
 Periodic GC: Disabled

Heap:
 garbage-first heap   total 65536K, used 18518K [0x00000000fc000000, 0x0000000100000000)
  region size 1024K, 12 young (12288K), 4 survivors (4096K)
 Metaspace       used 9809K, committed 10112K, reserved 1114112K
  class space    used 1284K, committed 1408K, reserved 1048576K

Heap Regions: E=young(eden), S=young(survivor), O=old, HS=humongous(starts), HC=humongous(continues), CS=collection set, F=free, OA=open archive, CA=closed archive, TAMS=top-at-mark-start (previous, next)
|   0|0x00000000fc000000, 0x00000000fc100000, 0x00000000fc100000|100%|HS|  |TAMS 0x00000000fc000000, 0x00000000fc000000| Complete 
|   1|0x00000000fc100000, 0x00000000fc200000, 0x00000000fc200000|100%|HC|  |TAMS 0x00000000fc100000, 0x00000000fc100000| Complete 
|   2|0x00000000fc200000, 0x00000000fc300000, 0x00000000fc300000|100%|HC|  |TAMS 0x00000000fc200000, 0x00000000fc200000| Complete 
|   3|0x00000000fc300000, 0x00000000fc400000, 0x00000000fc400000|100%| O|  |TAMS 0x00000000fc300000, 0x00000000fc300000| Untracked 
|   4|0x00000000fc400000, 0x00000000fc500000, 0x00000000fc500000|100%| O|  |TAMS 0x00000000fc400000, 0x00000000fc400000| Untracked 
|   5|0x00000000fc500000, 0x00000000fc600000, 0x00000000fc600000|100%| O|  |TAMS 0x00000000fc500000, 0x00000000fc500000| Untracked 
|   6|0x00000000fc600000, 0x00000000fc700000, 0x00000000fc700000|100%| O|  |TAMS 0x00000000fc600000, 0x00000000fc600000| Untracked 
|   7|0x00000000fc700000, 0x00000000fc715a00, 0x00000000fc800000|  8%| O|  |TAMS 0x00000000fc700000, 0x00000000fc700000| Untracked 
|   8|0x00000000fc800000, 0x00000000fc800000, 0x00000000fc900000|  0%| F|  |TAMS 0x00000000fc800000, 0x00000000fc800000| Untracked 
|   9|0x00000000fc900000, 0x00000000fc900000, 0x00000000fca00000|  0%| F|  |TAMS 0x00000000fc900000, 0x00000000fc900000| Untracked 
|  10|0x00000000fca00000, 0x00000000fca00000, 0x00000000fcb00000|  0%| F|  |TAMS 0x00000000fca00000, 0x00000000fca00000| Untracked 
|  11|0x00000000fcb00000, 0x00000000fcb00000, 0x00000000fcc00000|  0%| F|  |TAMS 0x00000000fcb00000, 0x00000000fcb00000| Untracked 
|  12|0x00000000fcc00000, 0x00000000fcc00000, 0x00000000fcd00000|  0%| F|  |TAMS 0x00000000fcc00000, 0x00000000fcc00000| Untracked 
|  13|0x00000000fcd00000, 0x00000000fcd00000, 0x00000000fce00000|  0%| F|  |TAMS 0x00000000fcd00000, 0x00000000fcd00000| Untracked 
|  14|0x00000000fce00000, 0x00000000fce00000, 0x00000000fcf00000|  0%| F|  |TAMS 0x00000000fce00000, 0x00000000fce00000| Untracked 
|  15|0x00000000fcf00000, 0x00000000fcf00000, 0x00000000fd000000|  0%| F|  |TAMS 0x00000000fcf00000, 0x00000000fcf00000| Untracked 
|  16|0x00000000fd000000, 0x00000000fd000000, 0x00000000fd100000|  0%| F|  |TAMS 0x00000000fd000000, 0x00000000fd000000| Untracked 
|  17|0x00000000fd100000, 0x00000000fd100000, 0x00000000fd200000|  0%| F|  |TAMS 0x00000000fd100000, 0x00000000fd100000| Untracked 
|  18|0x00000000fd200000, 0x00000000fd200000, 0x00000000fd300000|  0%| F|  |TAMS 0x00000000fd200000, 0x00000000fd200000| Untracked 
|  19|0x00000000fd300000, 0x00000000fd300000, 0x00000000fd400000|  0%| F|  |TAMS 0x00000000fd300000, 0x00000000fd300000| Untracked 
|  20|0x00000000fd400000, 0x00000000fd400000, 0x00000000fd500000|  0%| F|  |TAMS 0x00000000fd400000, 0x00000000fd400000| Untracked 
|  21|0x00000000fd500000, 0x00000000fd500000, 0x00000000fd600000|  0%| F|  |TAMS 0x00000000fd500000, 0x00000000fd500000| Untracked 
|  22|0x00000000fd600000, 0x00000000fd600000, 0x00000000fd700000|  0%| F|  |TAMS 0x00000000fd600000, 0x00000000fd600000| Untracked 
|  23|0x00000000fd700000, 0x00000000fd700000, 0x00000000fd800000|  0%| F|  |TAMS 0x00000000fd700000, 0x00000000fd700000| Untracked 
|  24|0x00000000fd800000, 0x00000000fd800000, 0x00000000fd900000|  0%| F|  |TAMS 0x00000000fd800000, 0x00000000fd800000| Untracked 
|  25|0x00000000fd900000, 0x00000000fd900000, 0x00000000fda00000|  0%| F|  |TAMS 0x00000000fd900000, 0x00000000fd900000| Untracked 
|  26|0x00000000fda00000, 0x00000000fda00000, 0x00000000fdb00000|  0%| F|  |TAMS 0x00000000fda00000, 0x00000000fda00000| Untracked 
|  27|0x00000000fdb00000, 0x00000000fdb00000, 0x00000000fdc00000|  0%| F|  |TAMS 0x00000000fdb00000, 0x00000000fdb00000| Untracked 
|  28|0x00000000fdc00000, 0x00000000fdd00000, 0x00000000fdd00000|100%| S|CS|TAMS 0x00000000fdc00000, 0x00000000fdc00000| Complete 
|  29|0x00000000fdd00000, 0x00000000fde00000, 0x00000000fde00000|100%| S|CS|TAMS 0x00000000fdd00000, 0x00000000fdd00000| Complete 
|  30|0x00000000fde00000, 0x00000000fdf00000, 0x00000000fdf00000|100%| S|CS|TAMS 0x00000000fde00000, 0x00000000fde00000| Complete 
|  31|0x00000000fdf00000, 0x00000000fe000000, 0x00000000fe000000|100%| S|CS|TAMS 0x00000000fdf00000, 0x00000000fdf00000| Complete 
|  32|0x00000000fe000000, 0x00000000fe000000, 0x00000000fe100000|  0%| F|  |TAMS 0x00000000fe000000, 0x00000000fe000000| Untracked 
|  33|0x00000000fe100000, 0x00000000fe100000, 0x00000000fe200000|  0%| F|  |TAMS 0x00000000fe100000, 0x00000000fe100000| Untracked 
|  34|0x00000000fe200000, 0x00000000fe200000, 0x00000000fe300000|  0%| F|  |TAMS 0x00000000fe200000, 0x00000000fe200000| Untracked 
|  35|0x00000000fe300000, 0x00000000fe300000, 0x00000000fe400000|  0%| F|  |TAMS 0x00000000fe300000, 0x00000000fe300000| Untracked 
|  36|0x00000000fe400000, 0x00000000fe400000, 0x00000000fe500000|  0%| F|  |TAMS 0x00000000fe400000, 0x00000000fe400000| Untracked 
|  37|0x00000000fe500000, 0x00000000fe500000, 0x00000000fe600000|  0%| F|  |TAMS 0x00000000fe500000, 0x00000000fe500000| Untracked 
|  38|0x00000000fe600000, 0x00000000fe600000, 0x00000000fe700000|  0%| F|  |TAMS 0x00000000fe600000, 0x00000000fe600000| Untracked 
|  39|0x00000000fe700000, 0x00000000fe700000, 0x00000000fe800000|  0%| F|  |TAMS 0x00000000fe700000, 0x00000000fe700000| Untracked 
|  40|0x00000000fe800000, 0x00000000fe800000, 0x00000000fe900000|  0%| F|  |TAMS 0x00000000fe800000, 0x00000000fe800000| Untracked 
|  41|0x00000000fe900000, 0x00000000fe900000, 0x00000000fea00000|  0%| F|  |TAMS 0x00000000fe900000, 0x00000000fe900000| Untracked 
|  42|0x00000000fea00000, 0x00000000fea00000, 0x00000000feb00000|  0%| F|  |TAMS 0x00000000fea00000, 0x00000000fea00000| Untracked 
|  43|0x00000000feb00000, 0x00000000feb00000, 0x00000000fec00000|  0%| F|  |TAMS 0x00000000feb00000, 0x00000000feb00000| Untracked 
|  44|0x00000000fec00000, 0x00000000fec00000, 0x00000000fed00000|  0%| F|  |TAMS 0x00000000fec00000, 0x00000000fec00000| Untracked 
|  45|0x00000000fed00000, 0x00000000fed00000, 0x00000000fee00000|  0%| F|  |TAMS 0x00000000fed00000, 0x00000000fed00000| Untracked 
|  46|0x00000000fee00000, 0x00000000fee00000, 0x00000000fef00000|  0%| F|  |TAMS 0x00000000fee00000, 0x00000000fee00000| Untracked 
|  47|0x00000000fef00000, 0x00000000fef00000, 0x00000000ff000000|  0%| F|  |TAMS 0x00000000fef00000, 0x00000000fef00000| Untracked 
|  48|0x00000000ff000000, 0x00000000ff000000, 0x00000000ff100000|  0%| F|  |TAMS 0x00000000ff000000, 0x00000000ff000000| Untracked 
|  49|0x00000000ff100000, 0x00000000ff100000, 0x00000000ff200000|  0%| F|  |TAMS 0x00000000ff100000, 0x00000000ff100000| Untracked 
|  50|0x00000000ff200000, 0x00000000ff200000, 0x00000000ff300000|  0%| F|  |TAMS 0x00000000ff200000, 0x00000000ff200000| Untracked 
|  51|0x00000000ff300000, 0x00000000ff300000, 0x00000000ff400000|  0%| F|  |TAMS 0x00000000ff300000, 0x00000000ff300000| Untracked 
|  52|0x00000000ff400000, 0x00000000ff400000, 0x00000000ff500000|  0%| F|  |TAMS 0x00000000ff400000, 0x00000000ff400000| Untracked 
|  53|0x00000000ff500000, 0x00000000ff500000, 0x00000000ff600000|  0%| F|  |TAMS 0x00000000ff500000, 0x00000000ff500000| Untracked 
|  54|0x00000000ff600000, 0x00000000ff600000, 0x00000000ff700000|  0%| F|  |TAMS 0x00000000ff600000, 0x00000000ff600000| Untracked 
|  55|0x00000000ff700000, 0x00000000ff700000, 0x00000000ff800000|  0%| F|  |TAMS 0x00000000ff700000, 0x00000000ff700000| Untracked 
|  56|0x00000000ff800000, 0x00000000ff86c5f8, 0x00000000ff900000| 42%| E|  |TAMS 0x00000000ff800000, 0x00000000ff800000| Complete 
|  57|0x00000000ff900000, 0x00000000ffa00000, 0x00000000ffa00000|100%| E|CS|TAMS 0x00000000ff900000, 0x00000000ff900000| Complete 
|  58|0x00000000ffa00000, 0x00000000ffb00000, 0x00000000ffb00000|100%| E|CS|TAMS 0x00000000ffa00000, 0x00000000ffa00000| Complete 
|  59|0x00000000ffb00000, 0x00000000ffc00000, 0x00000000ffc00000|100%| E|CS|TAMS 0x00000000ffb00000, 0x00000000ffb00000| Complete 
|  60|0x00000000ffc00000, 0x00000000ffd00000, 0x00000000ffd00000|100%| E|CS|TAMS 0x00000000ffc00000, 0x00000000ffc00000| Complete 
|  61|0x00000000ffd00000, 0x00000000ffe00000, 0x00000000ffe00000|100%| E|CS|TAMS 0x00000000ffd00000, 0x00000000ffd00000| Complete 
|  62|0x00000000ffe00000, 0x00000000fff00000, 0x00000000fff00000|100%| E|CS|TAMS 0x00000000ffe00000, 0x00000000ffe00000| Complete 
|  63|0x00000000fff00000, 0x0000000100000000, 0x0000000100000000|100%| E|CS|TAMS 0x00000000fff00000, 0x00000000fff00000| Complete 

Card table byte_map: [0x0000019b0cf70000,0x0000019b0cf90000] _byte_map_base: 0x0000019b0c790000

Marking Bits (Prev, Next): (CMBitMap*) 0x0000019b0d26a1a0, (CMBitMap*) 0x0000019b0d26a1e0
 Prev Bits: [0x0000019b25d90000, 0x0000019b25e90000)
 Next Bits: [0x0000019b25e90000, 0x0000019b25f90000)

Polling page: 0x0000019b0cf20000

Metaspace:

Usage:
  Non-class:      8.32 MB used.
      Class:      1.25 MB used.
       Both:      9.58 MB used.

Virtual space:
  Non-class space:       64.00 MB reserved,       8.50 MB ( 13%) committed,  1 nodes.
      Class space:        1.00 GB reserved,       1.38 MB ( <1%) committed,  1 nodes.
             Both:        1.06 GB reserved,       9.88 MB ( <1%) committed. 

Chunk freelists:
   Non-Class:  6.61 MB
       Class:  14.49 MB
        Both:  21.10 MB

MaxMetaspaceSize: unlimited
CompressedClassSpaceSize: 1.00 GB
Initial GC threshold: 21.00 MB
Current GC threshold: 21.00 MB
CDS: on
MetaspaceReclaimPolicy: balanced
 - commit_granule_bytes: 65536.
 - commit_granule_words: 8192.
 - virtual_space_node_default_size: 8388608.
 - enlarge_chunks_in_place: 1.
 - new_chunks_are_fully_committed: 0.
 - uncommit_free_chunks: 1.
 - use_allocation_guard: 0.
 - handle_deallocations: 1.


Internal statistics:

num_allocs_failed_limit: 0.
num_arena_births: 120.
num_arena_deaths: 0.
num_vsnodes_births: 2.
num_vsnodes_deaths: 0.
num_space_committed: 158.
num_space_uncommitted: 0.
num_chunks_returned_to_freelist: 0.
num_chunks_taken_from_freelist: 404.
num_chunk_merges: 0.
num_chunk_splits: 248.
num_chunks_enlarged: 185.
num_inconsistent_stats: 0.

CodeHeap 'non-profiled nmethods': size=120000Kb used=832Kb max_used=832Kb free=119168Kb
 bounds [0x0000019b1dbc0000, 0x0000019b1de30000, 0x0000019b250f0000]
CodeHeap 'profiled nmethods': size=120000Kb used=3416Kb max_used=3416Kb free=116583Kb
 bounds [0x0000019b160f0000, 0x0000019b16450000, 0x0000019b1d620000]
CodeHeap 'non-nmethods': size=5760Kb used=1171Kb max_used=1196Kb free=4589Kb
 bounds [0x0000019b1d620000, 0x0000019b1d890000, 0x0000019b1dbc0000]
 total_blobs=2339 nmethods=1872 adapters=380
 compilation: enabled
              stopped_count=0, restarted_count=0
 full_count=0

Compilation events (20 events):
Event: 24.495 Thread 0x0000019b28b7a150 nmethod 1761 0x0000019b16412190 code [0x0000019b16412340, 0x0000019b16412598]
Event: 24.495 Thread 0x0000019b28b7a150 1762       3       java.io.ObjectInputStream$PeekInputStream::read (47 bytes)
Event: 24.497 Thread 0x0000019b28b7a150 nmethod 1762 0x0000019b16412690 code [0x0000019b16412840, 0x0000019b16412b08]
Event: 24.497 Thread 0x0000019b28b7a150 1764       3       java.io.ObjectInputStream$BlockDataInputStream::peekByte (20 bytes)
Event: 24.499 Thread 0x0000019b28b7a150 nmethod 1764 0x0000019b16412c10 code [0x0000019b16412dc0, 0x0000019b16413018]
Event: 24.499 Thread 0x0000019b28b7a150 1768       3       org.gradle.internal.serialize.AbstractDecoder$DecoderStream::read (11 bytes)
Event: 24.501 Thread 0x0000019b28b7a150 nmethod 1768 0x0000019b16413110 code [0x0000019b164132c0, 0x0000019b16413488]
Event: 24.501 Thread 0x0000019b28b7a150 1767       3       java.io.ObjectInputStream$PeekInputStream::read (115 bytes)
Event: 24.502 Thread 0x0000019b28b7a150 nmethod 1767 0x0000019b16413590 code [0x0000019b16413780, 0x0000019b16413c78]
Event: 24.502 Thread 0x0000019b28b7a150 1754       1       java.io.ObjectInputStream$HandleTable::size (5 bytes)
Event: 24.502 Thread 0x0000019b28b7a150 nmethod 1754 0x0000019b1dc7fe10 code [0x0000019b1dc7ffa0, 0x0000019b1dc80078]
Event: 24.502 Thread 0x0000019b28b7a150 1766       3       java.io.ObjectInputStream$BlockDataInputStream::peek (55 bytes)
Event: 24.503 Thread 0x0000019b28b7a150 nmethod 1766 0x0000019b16413e10 code [0x0000019b16413fe0, 0x0000019b164142b8]
Event: 24.503 Thread 0x0000019b28b7a150 1755       1       org.gradle.internal.serialize.ExceptionReplacingObjectInputStream::getObjectTransformer (5 bytes)
Event: 24.503 Thread 0x0000019b28b7a150 nmethod 1755 0x0000019b1dc80110 code [0x0000019b1dc802a0, 0x0000019b1dc80378]
Event: 24.503 Thread 0x0000019b28b7a150 1752       1       java.io.ObjectInputStream$PeekInputStream::getBytesRead (5 bytes)
Event: 24.503 Thread 0x0000019b28b7a150 nmethod 1752 0x0000019b1dc80410 code [0x0000019b1dc805a0, 0x0000019b1dc80678]
Event: 24.503 Thread 0x0000019b28b7a150 1753       1       jdk.internal.event.DeserializationEvent::shouldCommit (2 bytes)
Event: 24.503 Thread 0x0000019b28b7a150 nmethod 1753 0x0000019b1dc80710 code [0x0000019b1dc808a0, 0x0000019b1dc80978]
Event: 24.503 Thread 0x0000019b28b7a150 1765   !   3       java.io.ObjectInputStream::readObject0 (681 bytes)

GC Heap History (4 events):
Event: 0.339 GC heap before
{Heap before GC invocations=0 (full 0):
 garbage-first heap   total 65536K, used 22528K [0x00000000fc000000, 0x0000000100000000)
  region size 1024K, 23 young (23552K), 0 survivors (0K)
 Metaspace       used 1783K, committed 1920K, reserved 1114112K
  class space    used 160K, committed 192K, reserved 1048576K
}
Event: 0.343 GC heap after
{Heap after GC invocations=1 (full 0):
 garbage-first heap   total 65536K, used 1984K [0x00000000fc000000, 0x0000000100000000)
  region size 1024K, 2 young (2048K), 2 survivors (2048K)
 Metaspace       used 1783K, committed 1920K, reserved 1114112K
  class space    used 160K, committed 192K, reserved 1048576K
}
Event: 1.137 GC heap before
{Heap before GC invocations=1 (full 0):
 garbage-first heap   total 65536K, used 35776K [0x00000000fc000000, 0x0000000100000000)
  region size 1024K, 32 young (32768K), 2 survivors (2048K)
 Metaspace       used 7587K, committed 7744K, reserved 1114112K
  class space    used 1032K, committed 1088K, reserved 1048576K
}
Event: 1.141 GC heap after
{Heap after GC invocations=2 (full 0):
 garbage-first heap   total 65536K, used 11350K [0x00000000fc000000, 0x0000000100000000)
  region size 1024K, 4 young (4096K), 4 survivors (4096K)
 Metaspace       used 7587K, committed 7744K, reserved 1114112K
  class space    used 1032K, committed 1088K, reserved 1048576K
}

Deoptimization events (20 events):
Event: 1.209 Thread 0x0000019b0d248360 Uncommon trap: trap_request=0xffffffde fr.pc=0x0000019b1dbf69f4 relative=0x0000000000000074
Event: 1.209 Thread 0x0000019b0d248360 Uncommon trap: reason=class_check action=maybe_recompile pc=0x0000019b1dbf69f4 method=java.util.AbstractList$Itr.hasNext()Z @ 8 c2
Event: 1.209 Thread 0x0000019b0d248360 DEOPT PACKING pc=0x0000019b1dbf69f4 sp=0x0000005cb6dfc9b0
Event: 1.209 Thread 0x0000019b0d248360 DEOPT UNPACKING pc=0x0000019b1d6723a3 sp=0x0000005cb6dfc948 mode 2
Event: 1.213 Thread 0x0000019b0d248360 Uncommon trap: trap_request=0xffffff45 fr.pc=0x0000019b1dc07384 relative=0x0000000000000a64
Event: 1.213 Thread 0x0000019b0d248360 Uncommon trap: reason=unstable_if action=reinterpret pc=0x0000019b1dc07384 method=java.util.HashMap.putVal(ILjava/lang/Object;Ljava/lang/Object;ZZ)Ljava/lang/Object; @ 162 c2
Event: 1.213 Thread 0x0000019b0d248360 DEOPT PACKING pc=0x0000019b1dc07384 sp=0x0000005cb6dfaff0
Event: 1.213 Thread 0x0000019b0d248360 DEOPT UNPACKING pc=0x0000019b1d6723a3 sp=0x0000005cb6dfaf28 mode 2
Event: 1.230 Thread 0x0000019b0d248360 Uncommon trap: trap_request=0xffffffde fr.pc=0x0000019b1dbf69f4 relative=0x0000000000000074
Event: 1.230 Thread 0x0000019b0d248360 Uncommon trap: reason=class_check action=maybe_recompile pc=0x0000019b1dbf69f4 method=java.util.AbstractList$Itr.hasNext()Z @ 8 c2
Event: 1.230 Thread 0x0000019b0d248360 DEOPT PACKING pc=0x0000019b1dbf69f4 sp=0x0000005cb6dfc150
Event: 1.230 Thread 0x0000019b0d248360 DEOPT UNPACKING pc=0x0000019b1d6723a3 sp=0x0000005cb6dfc0e8 mode 2
Event: 1.233 Thread 0x0000019b0d248360 Uncommon trap: trap_request=0xffffff45 fr.pc=0x0000019b1dc26da4 relative=0x0000000000000564
Event: 1.233 Thread 0x0000019b0d248360 Uncommon trap: reason=unstable_if action=reinterpret pc=0x0000019b1dc26da4 method=java.lang.Integer.getChars(II[B)I @ 25 c2
Event: 1.233 Thread 0x0000019b0d248360 DEOPT PACKING pc=0x0000019b1dc26da4 sp=0x0000005cb6dfcbd0
Event: 1.233 Thread 0x0000019b0d248360 DEOPT UNPACKING pc=0x0000019b1d6723a3 sp=0x0000005cb6dfcb08 mode 2
Event: 1.243 Thread 0x0000019b0d248360 Uncommon trap: trap_request=0xffffffde fr.pc=0x0000019b1dbf69f4 relative=0x0000000000000074
Event: 1.243 Thread 0x0000019b0d248360 Uncommon trap: reason=class_check action=maybe_recompile pc=0x0000019b1dbf69f4 method=java.util.AbstractList$Itr.hasNext()Z @ 8 c2
Event: 1.243 Thread 0x0000019b0d248360 DEOPT PACKING pc=0x0000019b1dbf69f4 sp=0x0000005cb6dfd180
Event: 1.243 Thread 0x0000019b0d248360 DEOPT UNPACKING pc=0x0000019b1d6723a3 sp=0x0000005cb6dfd118 mode 2

Classes unloaded (0 events):
No events

Classes redefined (0 events):
No events

Internal exceptions (19 events):
Event: 0.114 Thread 0x0000019b0d248360 Exception <a 'java/lang/NoSuchMethodError'{0x00000000ffdfca78}: 'int java.lang.invoke.DirectMethodHandle$Holder.invokeStaticInit(java.lang.Object, java.lang.Object)'> (0x00000000ffdfca78) 
thrown [s\open\src\hotspot\share\interpreter\linkResolver.cpp, line 759]
Event: 0.538 Thread 0x0000019b0d248360 Exception <a 'java/lang/NoSuchMethodError'{0x00000000ff5db8b8}: 'int java.lang.invoke.DirectMethodHandle$Holder.invokeStatic(java.lang.Object, java.lang.Object, int)'> (0x00000000ff5db8b8) 
thrown [s\open\src\hotspot\share\interpreter\linkResolver.cpp, line 759]
Event: 0.725 Thread 0x0000019b0d248360 Exception <a 'java/lang/NoSuchMethodError'{0x00000000ff023910}: 'java.lang.Object java.lang.invoke.DirectMethodHandle$Holder.invokeStaticInit(java.lang.Object)'> (0x00000000ff023910) 
thrown [s\open\src\hotspot\share\interpreter\linkResolver.cpp, line 759]
Event: 0.738 Thread 0x0000019b0d248360 Exception <a 'java/lang/NoSuchMethodError'{0x00000000ff03e5d8}: 'int java.lang.invoke.DirectMethodHandle$Holder.invokeSpecial(java.lang.Object, java.lang.Object, java.lang.Object)'> (0x00000000ff03e5d8) 
thrown [s\open\src\hotspot\share\interpreter\linkResolver.cpp, line 759]
Event: 0.746 Thread 0x0000019b0d248360 Exception <a 'java/lang/NoSuchMethodError'{0x00000000ff07b4b8}: 'void java.lang.invoke.DirectMethodHandle$Holder.invokeStatic(java.lang.Object, java.lang.Object)'> (0x00000000ff07b4b8) 
thrown [s\open\src\hotspot\share\interpreter\linkResolver.cpp, line 759]
Event: 0.749 Thread 0x0000019b0d248360 Implicit null exception at 0x0000019b1dc24c8f to 0x0000019b1dc251c0
Event: 0.800 Thread 0x0000019b0d248360 Exception <a 'java/lang/NoSuchMethodError'{0x00000000fee293d8}: 'java.lang.Object java.lang.invoke.Invokers$Holder.invoker(java.lang.Object, java.lang.Object, java.lang.Object)'> (0x00000000fee293d8) 
thrown [s\open\src\hotspot\share\interpreter\linkResolver.cpp, line 759]
Event: 0.801 Thread 0x0000019b0d248360 Exception <a 'java/lang/NoSuchMethodError'{0x00000000fee32530}: 'java.lang.Object java.lang.invoke.DirectMethodHandle$Holder.invokeStatic(java.lang.Object, java.lang.Object, int)'> (0x00000000fee32530) 
thrown [s\open\src\hotspot\share\interpreter\linkResolver.cpp, line 759]
Event: 0.803 Thread 0x0000019b0d248360 Exception <a 'java/lang/NoSuchMethodError'{0x00000000fee3e220}: 'void java.lang.invoke.DelegatingMethodHandle$Holder.delegate(java.lang.Object, java.lang.Object, int, java.lang.Object)'> (0x00000000fee3e220) 
thrown [s\open\src\hotspot\share\interpreter\linkResolver.cpp, line 759]
Event: 0.805 Thread 0x0000019b0d248360 Exception <a 'java/lang/NoSuchMethodError'{0x00000000fee51868}: 'java.lang.Object java.lang.invoke.Invokers$Holder.invokeExact_MT(java.lang.Object, java.lang.Object, java.lang.Object, java.lang.Object)'> (0x00000000fee51868) 
thrown [s\open\src\hotspot\share\interpreter\linkResolver.cpp, line 759]
Event: 0.810 Thread 0x0000019b0d248360 Exception <a 'java/lang/NoSuchMethodError'{0x00000000fee77a18}: 'java.lang.Object java.lang.invoke.DirectMethodHandle$Holder.invokeVirtual(java.lang.Object, java.lang.Object, java.lang.Object)'> (0x00000000fee77a18) 
thrown [s\open\src\hotspot\share\interpreter\linkResolver.cpp, line 759]
Event: 0.883 Thread 0x0000019b0d248360 Exception <a 'java/lang/NoSuchMethodError'{0x00000000fea5f568}: 'java.lang.Object java.lang.invoke.DirectMethodHandle$Holder.newInvokeSpecial(java.lang.Object, java.lang.Object, java.lang.Object, java.lang.Object, java.lang.Object)'> (0x00000000fea5f568) 
thrown [s\open\src\hotspot\share\interpreter\linkResolver.cpp, line 759]
Event: 0.900 Thread 0x0000019b0d248360 Exception <a 'java/lang/NoSuchMethodError'{0x00000000fe9949a8}: 'void java.lang.invoke.DirectMethodHandle$Holder.invokeSpecial(java.lang.Object, java.lang.Object, java.lang.Object)'> (0x00000000fe9949a8) 
thrown [s\open\src\hotspot\share\interpreter\linkResolver.cpp, line 759]
Event: 0.902 Thread 0x0000019b0d248360 Implicit null exception at 0x0000019b1dc0b58f to 0x0000019b1dc0bac0
Event: 0.910 Thread 0x0000019b0d248360 Implicit null exception at 0x0000019b1dc0808f to 0x0000019b1dc08109
Event: 1.079 Thread 0x0000019b0d248360 Exception <a 'java/lang/NoSuchMethodError'{0x00000000fe5a8108}: 'void java.lang.invoke.DirectMethodHandle$Holder.invokeStatic(java.lang.Object, java.lang.Object, java.lang.Object)'> (0x00000000fe5a8108) 
thrown [s\open\src\hotspot\share\interpreter\linkResolver.cpp, line 759]
Event: 1.146 Thread 0x0000019b0d248360 Exception <a 'java/lang/NoSuchMethodError'{0x00000000fff27ad8}: 'java.lang.Object java.lang.invoke.DirectMethodHandle$Holder.invokeStaticInit(java.lang.Object, int, int, int, int)'> (0x00000000fff27ad8) 
thrown [s\open\src\hotspot\share\interpreter\linkResolver.cpp, line 759]
Event: 1.183 Thread 0x0000019b0d248360 Exception <a 'java/lang/NoSuchMethodError'{0x00000000fff4bd90}: 'java.lang.Object java.lang.invoke.DirectMethodHandle$Holder.invokeStaticInit(java.lang.Object, java.lang.Object, int, int, int, int)'> (0x00000000fff4bd90) 
thrown [s\open\src\hotspot\share\interpreter\linkResolver.cpp, line 759]
Event: 1.199 Thread 0x0000019b0d248360 Implicit null exception at 0x0000019b1dc096f2 to 0x0000019b1dc09cc0

VM Operations (20 events):
Event: 12.179 Executing VM operation: Cleanup
Event: 12.179 Executing VM operation: Cleanup done
Event: 13.181 Executing VM operation: Cleanup
Event: 13.181 Executing VM operation: Cleanup done
Event: 15.182 Executing VM operation: Cleanup
Event: 15.190 Executing VM operation: Cleanup done
Event: 16.190 Executing VM operation: Cleanup
Event: 16.190 Executing VM operation: Cleanup done
Event: 17.192 Executing VM operation: Cleanup
Event: 17.192 Executing VM operation: Cleanup done
Event: 18.197 Executing VM operation: Cleanup
Event: 18.197 Executing VM operation: Cleanup done
Event: 19.201 Executing VM operation: Cleanup
Event: 19.201 Executing VM operation: Cleanup done
Event: 20.204 Executing VM operation: Cleanup
Event: 20.205 Executing VM operation: Cleanup done
Event: 21.218 Executing VM operation: Cleanup
Event: 21.218 Executing VM operation: Cleanup done
Event: 22.233 Executing VM operation: Cleanup
Event: 22.234 Executing VM operation: Cleanup done

Events (20 events):
Event: 24.479 loading class java/io/ObjectStreamClass$FieldReflectorKey
Event: 24.479 loading class java/io/ObjectStreamClass$FieldReflectorKey done
Event: 24.479 loading class java/io/ObjectStreamClass$FieldReflector
Event: 24.479 loading class java/io/ObjectStreamClass$FieldReflector done
Event: 24.482 loading class java/io/ObjectStreamClass$ClassDataSlot
Event: 24.482 loading class java/io/ObjectStreamClass$ClassDataSlot done
Event: 24.482 loading class java/io/ObjectInputStream$FieldValues
Event: 24.482 loading class java/io/ObjectInputStream$GetField
Event: 24.482 loading class java/io/ObjectInputStream$GetField done
Event: 24.482 loading class java/io/ObjectInputStream$FieldValues done
Event: 24.483 loading class java/util/function/UnaryOperator
Event: 24.483 loading class java/util/function/UnaryOperator done
Event: 24.485 loading class java/io/ObjectStreamClass$ExceptionInfo
Event: 24.485 loading class java/io/ObjectStreamClass$ExceptionInfo done
Event: 24.486 loading class java/io/SerialCallbackContext
Event: 24.486 loading class java/io/SerialCallbackContext done
Event: 24.502 loading class java/io/PrintWriter
Event: 24.502 loading class java/io/PrintWriter done
Event: 24.502 loading class java/lang/Throwable$PrintStreamOrWriter
Event: 24.502 loading class java/lang/Throwable$PrintStreamOrWriter done


Dynamic libraries:
0x00007ff729510000 - 0x00007ff729520000 	C:\Program Files\Java\jdk-17\bin\java.exe
0x00007fffc6520000 - 0x00007fffc6788000 	C:\WINDOWS\SYSTEM32\ntdll.dll
0x00007fffc4fa0000 - 0x00007fffc5069000 	C:\WINDOWS\System32\KERNEL32.DLL
0x00007fffc3670000 - 0x00007fffc3a68000 	C:\WINDOWS\System32\KERNELBASE.dll
0x00007fffc3e40000 - 0x00007fffc3f8b000 	C:\WINDOWS\System32\ucrtbase.dll
0x00007fff9e860000 - 0x00007fff9e87b000 	C:\Program Files\Java\jdk-17\bin\VCRUNTIME140.dll
0x00007fffa5290000 - 0x00007fffa52a9000 	C:\Program Files\Java\jdk-17\bin\jli.dll
0x00007fffc50a0000 - 0x00007fffc5154000 	C:\WINDOWS\System32\ADVAPI32.dll
0x00007fffc48a0000 - 0x00007fffc4949000 	C:\WINDOWS\System32\msvcrt.dll
0x00007fffc62b0000 - 0x00007fffc6356000 	C:\WINDOWS\System32\sechost.dll
0x00007fffc5400000 - 0x00007fffc5518000 	C:\WINDOWS\System32\RPCRT4.dll
0x00007fffc4340000 - 0x00007fffc4507000 	C:\WINDOWS\System32\USER32.dll
0x00007fffa9660000 - 0x00007fffa98f4000 	C:\WINDOWS\WinSxS\amd64_microsoft.windows.common-controls_6595b64144ccf1df_6.0.26100.7019_none_3e06ffa0e335b8a8\COMCTL32.dll
0x00007fffc3a70000 - 0x00007fffc3a97000 	C:\WINDOWS\System32\win32u.dll
0x00007fffc53d0000 - 0x00007fffc53fb000 	C:\WINDOWS\System32\GDI32.dll
0x00007fffc4020000 - 0x00007fffc414c000 	C:\WINDOWS\System32\gdi32full.dll
0x00007fffc3d90000 - 0x00007fffc3e33000 	C:\WINDOWS\System32\msvcp_win.dll
0x00007fffbd200000 - 0x00007fffbd20b000 	C:\WINDOWS\SYSTEM32\VERSION.dll
0x00007fffc5220000 - 0x00007fffc5251000 	C:\WINDOWS\System32\IMM32.DLL
0x00007fffa5280000 - 0x00007fffa528c000 	C:\Program Files\Java\jdk-17\bin\vcruntime140_1.dll
0x00007fff68bc0000 - 0x00007fff68c4e000 	C:\Program Files\Java\jdk-17\bin\msvcp140.dll
0x00007ffef17e0000 - 0x00007ffef23c1000 	C:\Program Files\Java\jdk-17\bin\server\jvm.dll
0x00007fffc4650000 - 0x00007fffc4658000 	C:\WINDOWS\System32\PSAPI.DLL
0x00007fff9fe40000 - 0x00007fff9fe4a000 	C:\WINDOWS\SYSTEM32\WSOCK32.dll
0x00007fffc4770000 - 0x00007fffc47e4000 	C:\WINDOWS\System32\WS2_32.dll
0x00007fffbd120000 - 0x00007fffbd155000 	C:\WINDOWS\SYSTEM32\WINMM.dll
0x00007fffc2430000 - 0x00007fffc244b000 	C:\WINDOWS\SYSTEM32\kernel.appcore.dll
0x00007fff9e850000 - 0x00007fff9e85a000 	C:\Program Files\Java\jdk-17\bin\jimage.dll
0x00007fffb7ae0000 - 0x00007fffb7d22000 	C:\WINDOWS\SYSTEM32\DBGHELP.DLL
0x00007fffc4c10000 - 0x00007fffc4f9b000 	C:\WINDOWS\System32\combase.dll
0x00007fffc4b30000 - 0x00007fffc4c07000 	C:\WINDOWS\System32\OLEAUT32.dll
0x00007fffa64a0000 - 0x00007fffa64dc000 	C:\WINDOWS\SYSTEM32\dbgcore.DLL
0x00007fffc4150000 - 0x00007fffc41f5000 	C:\WINDOWS\System32\bcryptPrimitives.dll
0x00007fff96d50000 - 0x00007fff96d75000 	C:\Program Files\Java\jdk-17\bin\java.dll
0x00007fff67ae0000 - 0x00007fff67bb7000 	C:\Program Files\Java\jdk-17\bin\jsvml.dll
0x00007fffc5b50000 - 0x00007fffc629f000 	C:\WINDOWS\System32\SHELL32.dll
0x00007fffc3c20000 - 0x00007fffc3d8b000 	C:\WINDOWS\System32\wintypes.dll
0x00007fffc1280000 - 0x00007fffc1add000 	C:\WINDOWS\SYSTEM32\windows.storage.dll
0x00007fffc4660000 - 0x00007fffc4752000 	C:\WINDOWS\System32\SHCORE.dll
0x00007fffc42d0000 - 0x00007fffc4337000 	C:\WINDOWS\System32\shlwapi.dll
0x00007fffc3590000 - 0x00007fffc35b9000 	C:\WINDOWS\SYSTEM32\profapi.dll
0x00007fff93040000 - 0x00007fff93059000 	C:\Program Files\Java\jdk-17\bin\net.dll
0x00007fffba220000 - 0x00007fffba348000 	C:\WINDOWS\SYSTEM32\WINHTTP.dll
0x00007fffc29a0000 - 0x00007fffc2a0b000 	C:\WINDOWS\system32\mswsock.dll
0x00007fff8fb60000 - 0x00007fff8fb76000 	C:\Program Files\Java\jdk-17\bin\nio.dll
0x00007fff8acb0000 - 0x00007fff8acc8000 	C:\Program Files\Java\jdk-17\bin\zip.dll
0x00007fff97ab0000 - 0x00007fff97aba000 	C:\Program Files\Java\jdk-17\bin\management.dll
0x00007fff96d40000 - 0x00007fff96d4b000 	C:\Program Files\Java\jdk-17\bin\management_ext.dll
0x00007fff92790000 - 0x00007fff927a0000 	C:\Program Files\Java\jdk-17\bin\verify.dll
0x00007fff7b430000 - 0x00007fff7b457000 	C:\Users\sunny\.gradle\native\1def1411415f61bf3af743bc5b6707747c0891f09f0c88961ee8f79bc544acac\windows-amd64\native-platform.dll
0x00007fff53510000 - 0x00007fff5351a000 	C:\Users\sunny\.gradle\native\jansi\1.18\windows64\jansi.dll
0x00007fffc1ea0000 - 0x00007fffc1ed4000 	C:\WINDOWS\SYSTEM32\IPHLPAPI.DLL
0x00007fffc42c0000 - 0x00007fffc42ca000 	C:\WINDOWS\System32\NSI.dll
0x00007fffba7b0000 - 0x00007fffba7ce000 	C:\WINDOWS\SYSTEM32\dhcpcsvc6.DLL
0x00007fffba3a0000 - 0x00007fffba3c3000 	C:\WINDOWS\SYSTEM32\dhcpcsvc.DLL
0x00007fffc1f80000 - 0x00007fffc20ac000 	C:\WINDOWS\SYSTEM32\DNSAPI.dll
0x00007fffc2c70000 - 0x00007fffc2c8b000 	C:\WINDOWS\SYSTEM32\CRYPTSP.dll
0x00007fffc2390000 - 0x00007fffc23ca000 	C:\WINDOWS\system32\rsaenh.dll
0x00007fffc2a50000 - 0x00007fffc2a7b000 	C:\WINDOWS\SYSTEM32\USERENV.dll
0x00007fffc3560000 - 0x00007fffc358a000 	C:\WINDOWS\SYSTEM32\bcrypt.dll
0x00007fffc2c60000 - 0x00007fffc2c6c000 	C:\WINDOWS\SYSTEM32\CRYPTBASE.dll
0x00007fff910a0000 - 0x00007fff910ae000 	C:\Program Files\Java\jdk-17\bin\sunmscapi.dll
0x00007fffc3aa0000 - 0x00007fffc3c17000 	C:\WINDOWS\System32\CRYPT32.dll
0x00007fffc2e80000 - 0x00007fffc2eb0000 	C:\WINDOWS\SYSTEM32\ncrypt.dll
0x00007fffc2e30000 - 0x00007fffc2e6f000 	C:\WINDOWS\SYSTEM32\NTASN1.dll
0x00007fffaaba0000 - 0x00007fffaaba8000 	C:\WINDOWS\system32\wshunix.dll

dbghelp: loaded successfully - version: 4.0.5 - missing functions: none
symbol engine: initialized successfully - sym options: 0x614 - pdb path: .;C:\Program Files\Java\jdk-17\bin;C:\WINDOWS\SYSTEM32;C:\WINDOWS\WinSxS\amd64_microsoft.windows.common-controls_6595b64144ccf1df_6.0.26100.7019_none_3e06ffa0e335b8a8;C:\Program Files\Java\jdk-17\bin\server;C:\Users\sunny\.gradle\native\1def1411415f61bf3af743bc5b6707747c0891f09f0c88961ee8f79bc544acac\windows-amd64;C:\Users\sunny\.gradle\native\jansi\1.18\windows64

VM Arguments:
jvm_args: -Xmx64m -Xms64m -Dorg.gradle.appname=gradlew 
java_command: F:\Sandy\S+Study\CODING\mov\netflix\android\\gradle\wrapper\gradle-wrapper.jar assembleDebug
java_class_path (initial): F:\Sandy\S+Study\CODING\mov\netflix\android\\gradle\wrapper\gradle-wrapper.jar
Launcher Type: SUN_STANDARD

[Global flags]
     intx CICompilerCount                          = 4                                         {product} {ergonomic}
     uint ConcGCThreads                            = 3                                         {product} {ergonomic}
     uint G1ConcRefinementThreads                  = 10                                        {product} {ergonomic}
   size_t G1HeapRegionSize                         = 1048576                                   {product} {ergonomic}
    uintx GCDrainStackTargetSize                   = 64                                        {product} {ergonomic}
   size_t InitialHeapSize                          = 67108864                                  {product} {command line}
   size_t MarkStackSize                            = 4194304                                   {product} {ergonomic}
   size_t MaxHeapSize                              = 67108864                                  {product} {command line}
   size_t MaxNewSize                               = 39845888                                  {product} {ergonomic}
   size_t MinHeapDeltaBytes                        = 1048576                                   {product} {ergonomic}
   size_t MinHeapSize                              = 67108864                                  {product} {command line}
    uintx NonNMethodCodeHeapSize                   = 5839372                                {pd product} {ergonomic}
    uintx NonProfiledCodeHeapSize                  = 122909434                              {pd product} {ergonomic}
    uintx ProfiledCodeHeapSize                     = 122909434                              {pd product} {ergonomic}
    uintx ReservedCodeCacheSize                    = 251658240                              {pd product} {ergonomic}
     bool SegmentedCodeCache                       = true                                      {product} {ergonomic}
   size_t SoftMaxHeapSize                          = 67108864                               {manageable} {ergonomic}
     bool UseCompressedClassPointers               = true                           {product lp64_product} {ergonomic}
     bool UseCompressedOops                        = true                           {product lp64_product} {ergonomic}
     bool UseG1GC                                  = true                                      {product} {ergonomic}
     bool UseLargePagesIndividualAllocation        = false                                  {pd product} {ergonomic}

Logging:
Log output configuration:
 #0: stdout all=warning uptime,level,tags
 #1: stderr all=off uptime,level,tags

Environment Variables:
JAVA_HOME=C:\Program Files\Java\jdk-17
PATH=C:\Program Files\Java\jdk-17\bin;c:\Users\sunny\AppData\Local\Programs\cursor\resources\app\bin;C:\Program Files\Java\jdk-11\bin;C:\Program Files\Java\jdk-11;C:\Program Files\Common Files\Oracle\Java\javapath;C:\Program Files (x86)\Common Files\Oracle\Java\java8path;C:\Program Files (x86)\Common Files\Oracle\Java\javapath;C:\Program Files\Python310\Scripts\;C:\Program Files\Python310\;C:\Program Files (x86)\Common Files\Intel\Shared Libraries\redist\intel64_win\compiler;C:\Program Files (x86)\Common Files\Intel\Shared Libraries\redist\intel64\compiler;C:\windows\system32;C:\windows;C:\windows\System32\Wbem;C:\windows\System32\WindowsPowerShell\v1.0\;C:\windows\System32\OpenSSH\;C:\Program Files (x86)\NVIDIA Corporation\PhysX\Common;C:\Program Files\dotnet\;C:\WINDOWS\system32;C:\WINDOWS;C:\WINDOWS\System32\Wbem;C:\WINDOWS\System32\WindowsPowerShell\v1.0\;C:\WINDOWS\System32\OpenSSH\;C:\mingw64\bin;C:\Program Files (x86)\dotnet\;C:\php-8.3.2;C:\Program Files\HP\HP One Agent;C:\Program Files\Java\jdk-22\bin;C:\ProgramData\ComposerSetup\bin;C:\Users\;C:\src\flutter\bin;C:\Program Files\Git\cmd;C:\Program Files\Git\bin;C:\WINDOWS\system32;C:\WINDOWS;C:\WINDOWS\System32\Wbem;C:\WINDOWS\System32\WindowsPowerShell\v1.0\;C:\WINDOWS\System32\OpenSSH\;C:\Program Files\PuTTY\;F:\Sandy\S+Study\Youtube\Stream\scrcpy-win64-v3.1;C:\Users\sunny\AppData\Roaming\Python\Python310\Scripts;C:\Program Files\NVIDIA Corporation\NVIDIA App\NvDLISR;C:\Users\sunny\AppData\Local\nvm;C:\nvm4w\nodejs;%APPDATA%\npm;C:\Program Files\nodejs\;C:\Program Files\ffmpeg\bin;C:\Program Files (x86)\cloudflared\;C:\Program Files\Android\cmdline-tools\latest\bin;;C:\Program Files\Redis\;C:\Program Files\Java\jdk-17\bin;C:\Program Files\Java\jdk-11\bin;C:\Users\sunny\AppData\Local\Microsoft\WindowsApps;C:\Users\sunny\AppData\Local\Programs\Microsoft VS Code\bin;C:\Program Files\JetBrains\PyCharm Community Edition 2021.3.3\bin;;C:\MinGW\bin;F:\Sandy\Other CC\Ubisoft Game Launcher\games\Far Cry 5\bin;C:\User
USERNAME=sunny
LANG=en_US.UTF-8
OS=Windows_NT
PROCESSOR_IDENTIFIER=AMD64 Family 25 Model 80 Stepping 0, AuthenticAMD



---------------  S Y S T E M  ---------------

OS:
 Windows 11 , 64 bit Build 26100 (10.0.26100.7019)
OS uptime: 0 days 23:01 hours
Hyper-V role detected

CPU: total 12 (initial active 12) (12 cores per cpu, 2 threads per core) family 25 model 80 stepping 0 microcode 0xa50000f, cx8, cmov, fxsr, ht, mmx, 3dnowpref, sse, sse2, sse3, ssse3, sse4a, sse4.1, sse4.2, popcnt, lzcnt, tsc, tscinvbit, avx, avx2, aes, erms, clmul, bmi1, bmi2, adx, sha, fma, vzeroupper, clflush, clflushopt, hv

Memory: 4k page, system-wide physical 23905M (5547M free)
TotalPageFile size 30090M (AvailPageFile size 7M)
current process WorkingSet (physical memory assigned to process): 110M, peak: 133M
current process commit charge ("private bytes"): 174M, peak: 199M

vm_info: Java HotSpot(TM) 64-Bit Server VM (17.0.13+10-LTS-268) for windows-amd64 JRE (17.0.13+10-LTS-268), built on Sep 30 2024 06:33:13 by "mach5one" with MS VC++ 17.6 (VS2022)

END.
